
                         MODELLER 10.5, 2024/01/19, r12711

     PROTEIN STRUCTURE MODELLING BY SATISFACTION OF SPATIAL RESTRAINTS


                     Copyright(c) 1989-2024 Andrej Sali
                            All Rights Reserved

                             Written by A. Sali
                               with help from
              B. Webb, M.S. Madhusudhan, M-Y. Shen, G.Q. Dong,
          M.A. Marti-Renom, N. Eswar, F. Alber, M. Topf, B. Oliva,
             A. Fiser, R. Sanchez, B. Yerkovich, A. Badretdinov,
                     F. Melo, J.P. Overington, E. Feyfant
                 University of California, San Francisco, USA
                    Rockefeller University, New York, USA
                      Harvard University, Cambridge, USA
                   Imperial Cancer Research Fund, London, UK
              Birkbeck College, University of London, London, UK


Kind, OS, HostName, Kernel, Processor: 4, Windows Vista build 9200, DESKTOP-3RJGG7I, SMP, unknown
Date and time of compilation         : 2024/01/20 00:12:57
MODELLER executable type             : x86_64-w64
Job starting time (YY/MM/DD HH:MM:SS): 2024/05/26 23:04:36


Multiple dynamic programming alignment (MALIGN):
  Residue-residue metric  : $(LIB)/as1.sim.mat
  ALIGN_BLOCK             :            1
  Gap introduction penalty:    -900.0000
  Gap extension penalty   :     -50.0000
  Length of alignment     :          404
# Sequence alignment of the structurally conserved regions
# [average distance and standard deviation are with respect
#  to the framework (i.e., average structure)]
#
#  N av ds st dv   tseq1A tseq2A tseq3A tseq4A 
# =============================================
   1 0.484 0.103   T   4  T   4  F  87  F  87  
# =============================================
   2 1.055 0.035   T  10  T  10  R 112  R 112  
# =============================================
   3 0.579 0.059   S  20  S  20  P 122  P 122  
# =============================================
   4 0.647 0.012   S  61  S  61  I 131  I 131  
# =============================================
   5 1.591 0.022   T  76  T  76  L 134  L 134  
# =============================================
   6 1.384 0.042   V  78  V  78  A 135  A 135  
# =============================================
   7 1.605 0.047   D  79  D  79  I 139  I 139  
# =============================================
   8 0.845 0.047   Q  80  Q  80  Y 154  Y 154  
# =============================================
   9 0.928 0.010   L  82  L  82  F 158  F 158  
  10 1.686 0.029   V  83  V  83  P 159  P 159  
# =============================================
  11 1.026 0.009   G  84  G  84  R 161  R 161  
# =============================================
  12 1.056 0.051   W  85  W  85  F 163  F 163  
  13 1.146 0.025   P  86  P  86  M 164  M 164  
# =============================================
  14 1.688 0.101 * T  95  T  95  T 181  T 181  
  15 0.701 0.075   P  96  P  96  D 182  D 182  
# =============================================
  16 1.122 0.168   C  97  C  97  R 186  R 186  
# =============================================
  17 1.042 0.386   T  98  T  98  D 188  D 188  
# =============================================
  18 0.710 0.008   G 141  G 141  T 252  T 252  
# =============================================
  19 1.473 0.043   I 153  I 153  V 254  V 254  
  20 0.887 0.028   F 154  F 154  N 255  N 255  
# =============================================
  21 0.950 0.016   R 155  R 155  L 257  L 257  
# =============================================
  22 1.324 0.039   A 156  A 156  F 259  F 259  
# =============================================
  23 1.623 0.050   A 157  A 157  F 292  F 292  
# =============================================
  24 0.495 0.058   R 161  R 161  H 337  H 337  
# =============================================
# Sequence alignment of the structurally conserved regions
# [average distance and standard deviation are with respect
#  to the framework (i.e., average structure)]
#
#  N av ds st dv   tseq1A tseq2A tseq3A tseq4A 
# =============================================
   1 0.501 0.081   T   4  T   4  F  87  F  87  
# =============================================
   2 1.062 0.087   T  10  T  10  R 112  R 112  
# =============================================
   3 0.417 0.097   S  20  S  20  P 122  P 122  
# =============================================
   4 0.734 0.033   S  61  S  61  I 131  I 131  
# =============================================
   5 1.365 0.070   T  76  T  76  L 134  L 134  
# =============================================
   6 1.121 0.006   V  78  V  78  A 135  A 135  
# =============================================
   7 1.426 0.040   D  79  D  79  I 139  I 139  
# =============================================
   8 1.027 0.086   Q  80  Q  80  Y 154  Y 154  
# =============================================
   9 0.935 0.015   L  82  L  82  F 158  F 158  
  10 1.745 0.056   V  83  V  83  P 159  P 159  
# =============================================
  11 1.114 0.006   G  84  G  84  R 161  R 161  
# =============================================
  12 0.989 0.079   W  85  W  85  F 163  F 163  
  13 1.168 0.039   P  86  P  86  M 164  M 164  
# =============================================
  14 1.557 0.073 * T  95  T  95  T 181  T 181  
  15 0.545 0.047   P  96  P  96  D 182  D 182  
# =============================================
  16 1.150 0.125   C  97  C  97  R 186  R 186  
# =============================================
  17 1.281 0.397   T  98  T  98  D 188  D 188  
# =============================================
  18 0.588 0.003   G 141  G 141  T 252  T 252  
# =============================================
  19 1.283 0.060   I 153  I 153  V 254  V 254  
  20 0.868 0.029   F 154  F 154  N 255  N 255  
# =============================================
  21 0.744 0.036   R 155  R 155  L 257  L 257  
# =============================================
  22 1.225 0.029   A 156  A 156  S 260  S 260  
# =============================================
  23 0.318 0.108   R 161  R 161  H 337  H 337  
# =============================================
# Sequence alignment of the structurally conserved regions
# [average distance and standard deviation are with respect
#  to the framework (i.e., average structure)]
#
#  N av ds st dv   tseq1A tseq2A tseq3A tseq4A 
# =============================================
   1 0.707 0.063   T   4  T   4  F  87  F  87  
# =============================================
   2 1.215 0.076   T  10  T  10  R 112  R 112  
# =============================================
   3 0.406 0.100   S  20  S  20  P 122  P 122  
# =============================================
   4 0.836 0.032   S  61  S  61  I 131  I 131  
# =============================================
   5 1.336 0.070   T  76  T  76  L 134  L 134  
# =============================================
   6 1.029 0.006   V  78  V  78  A 135  A 135  
# =============================================
   7 1.213 0.036   D  79  D  79  I 139  I 139  
# =============================================
   8 1.062 0.088   Q  80  Q  80  Y 154  Y 154  
# =============================================
   9 0.886 0.014   L  82  L  82  F 158  F 158  
# =============================================
  10 1.081 0.008   G  84  G  84  R 161  R 161  
# =============================================
  11 1.007 0.080   W  85  W  85  F 163  F 163  
  12 1.203 0.039   P  86  P  86  M 164  M 164  
# =============================================
  13 1.511 0.073 * T  95  T  95  T 181  T 181  
  14 0.496 0.041   P  96  P  96  D 182  D 182  
# =============================================
  15 1.148 0.117   C  97  C  97  R 186  R 186  
# =============================================
  16 1.388 0.398   T  98  T  98  D 188  D 188  
# =============================================
  17 0.470 0.003   G 141  G 141  T 252  T 252  
# =============================================
  18 1.130 0.060   I 153  I 153  V 254  V 254  
  19 0.845 0.020   F 154  F 154  N 255  N 255  
# =============================================
  20 0.568 0.036   R 155  R 155  L 257  L 257  
# =============================================
  21 1.069 0.035   A 156  A 156  S 260  S 260  
# =============================================
  22 0.383 0.074   R 161  R 161  H 337  H 337  
# =============================================
# Sequence alignment of the structurally conserved regions
# [average distance and standard deviation are with respect
#  to the framework (i.e., average structure)]
#
#  N av ds st dv   tseq1A tseq2A tseq3A tseq4A 
# =============================================
   1 0.761 0.064   T   4  T   4  F  87  F  87  
# =============================================
   2 1.237 0.078   T  10  T  10  R 112  R 112  
# =============================================
   3 0.414 0.096   S  20  S  20  P 122  P 122  
# =============================================
   4 0.907 0.034   S  61  S  61  I 131  I 131  
# =============================================
   5 1.271 0.072   T  76  T  76  L 134  L 134  
# =============================================
   6 1.038 0.007   V  78  V  78  A 135  A 135  
# =============================================
   7 1.151 0.036   D  79  D  79  I 139  I 139  
# =============================================
   8 1.117 0.090   Q  80  Q  80  Y 154  Y 154  
# =============================================
   9 0.901 0.009   L  82  L  82  F 158  F 158  
# =============================================
  10 1.020 0.014   G  84  G  84  R 161  R 161  
# =============================================
  11 1.097 0.082   W  85  W  85  F 163  F 163  
  12 1.126 0.040   P  86  P  86  M 164  M 164  
# =============================================
  13 1.439 0.071 * T  95  T  95  T 181  T 181  
  14 0.475 0.040   P  96  P  96  D 182  D 182  
# =============================================
  15 1.210 0.115   C  97  C  97  R 186  R 186  
# =============================================
  16 1.446 0.400   T  98  T  98  D 188  D 188  
# =============================================
  17 0.465 0.009   G 141  G 141  T 252  T 252  
# =============================================
  18 1.060 0.061   I 153  I 153  V 254  V 254  
  19 0.867 0.013   F 154  F 154  N 255  N 255  
# =============================================
  20 0.510 0.038   R 155  R 155  L 257  L 257  
# =============================================
  21 1.041 0.036   A 156  A 156  S 260  S 260  
# =============================================
  22 0.401 0.063   R 161  R 161  H 337  H 337  
# =============================================

Least-squares dynamic programming alignment:
     FIT_ATOMS atoms for alignment     : CA
     Max dist from frw for equivalence :    3.5000
     Gap introduction penalty          :    0.0000
     Gap extension penalty             :    1.7500
     Numb of residues in framework     :        22




COMPARISON OF SEVERAL 3D STRUCTURES:


  #  ALGNMT CODE      ATOM FILE                          

  1  tseq1A
  2  tseq2A
  3  tseq3A
  4  tseq4A



Variability at a given position is calculated as: 
VAR = 1/Nij * sum_ij (feat_i - feat_j)
sum runs over all pairs of proteins with residues present.



>> Least-squares superposition (FIT)           :       T

   Atom types for superposition/RMS (FIT_ATOMS): CA
   Atom type for position average/variability (VARATOM): CA


   Position comparison (FIT_ATOMS): 

       Cutoff for RMS calculation:     3.5000

       Upper = RMS, Lower = numb equiv positions

        tseq1A  tseq2A  tseq3A  tseq4A  
tseq1A     0.000   0.350   1.959   1.984
tseq2A       181   0.000   1.925   1.961
tseq3A        22      21   0.000   0.324
tseq4A        22      21     398   0.000



   Distance comparison (FIT_ATOMS): 

       Cutoff for rms calculation:     3.5000

       Upper = Distance RMS, Lower = numb equiv distances

        tseq1A  tseq2A  tseq3A  tseq4A  
tseq1A     0.000   0.276   1.561   1.562
tseq2A     16290   0.000   1.522   1.527
tseq3A       223     218   0.000   0.322
tseq4A       224     219   79003   0.000

>> Sequence comparison: 

       Diag=numb res, Upper=numb equiv res, Lower = % seq ID


           tseq1A  tseq2A  tseq3A  tseq4A
tseq1A        182     181       1       1
tseq2A         99     182       1       1
tseq3A          1       1     398     398
tseq4A          1       1     100     404


>> Dihedral angle comparison: Alph


       Cutoff for rms comparison:    60.0000

       Upper = RMS Alph, Lower = numb of equiv angles

        tseq1A  tseq2A  tseq3A  tseq4A  
tseq1A     0.000   7.524  28.231  28.880
tseq2A       178   0.000  27.868  28.404
tseq3A         6       6   0.000   4.359
tseq4A         6       6     394   0.000


>> Dihedral angle comparison: Phi 


       Cutoff for rms comparison:    60.0000

       Upper = RMS Phi , Lower = numb of equiv angles

        tseq1A  tseq2A  tseq3A  tseq4A  
tseq1A     0.000  10.404  30.308  28.902
tseq2A       180   0.000  29.218  34.027
tseq3A        16      15   0.000   6.209
tseq4A        15      16     397   0.000


>> Dihedral angle comparison: Psi 


       Cutoff for rms comparison:    15.0000

       Upper = RMS Psi , Lower = numb of equiv angles

        tseq1A  tseq2A  tseq3A  tseq4A  
tseq1A     0.000   5.878   9.199  10.501
tseq2A       159   0.000   8.197   9.414
tseq3A         3       5   0.000   4.307
tseq4A         3       4     385   0.000


>> Dihedral angle comparison: Omeg


       Cutoff for rms comparison:    60.0000

       Upper = RMS Omeg, Lower = numb of equiv angles

        tseq1A  tseq2A  tseq3A  tseq4A  
tseq1A     0.000   4.930   7.920   8.345
tseq2A       180   0.000   6.539   7.212
tseq3A        22      22   0.000   4.043
tseq4A        22      22     397   0.000


>> Dihedral angle comparison: chi1


       Cutoff for rms comparison:    60.0000

       Upper = RMS chi1, Lower = numb of equiv angles

        tseq1A  tseq2A  tseq3A  tseq4A  
tseq1A     0.000  12.661  26.592  24.646
tseq2A       132   0.000  16.187  26.777
tseq3A         5       5   0.000  10.602
tseq4A         5       6     328   0.000


>> Dihedral angle comparison: chi2


       Cutoff for rms comparison:    60.0000

       Upper = RMS chi2, Lower = numb of equiv angles

        tseq1A  tseq2A  tseq3A  tseq4A  
tseq1A     0.000  15.515  17.888  33.695
tseq2A        77   0.000  15.704  28.253
tseq3A         5       4   0.000  12.039
tseq4A         6       5     248   0.000


>> Dihedral angle comparison: chi3


       Cutoff for rms comparison:    60.0000

       Upper = RMS chi3, Lower = numb of equiv angles

        tseq1A  tseq2A  tseq3A  tseq4A  
tseq1A     0.000  26.257   0.000   0.000
tseq2A        33   0.000   0.000   0.000
tseq3A         0       0   0.000  16.763
tseq4A         0       0     103   0.000


>> Dihedral angle comparison: chi4


       Cutoff for rms comparison:    60.0000

       Upper = RMS chi4, Lower = numb of equiv angles

        tseq1A  tseq2A  tseq3A  tseq4A  
tseq1A     0.000  24.085  13.478  23.562
tseq2A        14   0.000   0.000   0.000
tseq3A         1       0   0.000  11.566
tseq4A         1       0      28   0.000


>> Dihedral angle comparison: chi5


       Cutoff for rms comparison:    60.0000

       Upper = RMS chi5, Lower = numb of equiv angles

        tseq1A  tseq2A  tseq3A  tseq4A  
tseq1A     0.000  20.114   0.000   0.000
tseq2A         2   0.000   0.000   0.000
tseq3A         0       0   0.000   0.000
tseq4A         0       0       0   0.000



>> Ramachandran mainchain class substitution
   prot 1 --> prot 2; class on vert --> class on horiz

              A      P      B      L      E      U
      A     339      1      0      0      0      0
      P      18     85      5      0      0      0
      B      28      5    148      0      0      0
      L       1      2      2     23      0      0
      E       0      0      0      0      7      0
      U       0      0      0      1      0      2


   Summary (% does not count undefined):

   CODE   # ID # NID # TOT   % ID  % NID  % TOT
      A    339     1   340   51.1    0.2   51.2
      P     85    23   108   12.8    3.5   16.3
      B    148    33   181   22.3    5.0   27.3
      L     23     5    28    3.5    0.8    4.2
      E      7     0     7    1.1    0.0    1.1
   --------------------------------------------
   SUMS    602    62   664   90.7    9.3  100.0
   --------------------------------------------
      U      2     1     3    0.3    0.1    0.4



>> Dihedral class substitution: Alph
   prot 1 --> prot 2; class on vert --> class on horiz

              1      2      3      4
      1      28      7      9      0
      2       0    310      5      0
      3       1     54    248      0
      4       0      0      1      4


   Summary (% does not count undefined):

   CODE   # ID # NID # TOT   % ID  % NID  % TOT
      1     28    16    44    4.2    2.4    6.6
      2    310     5   315   46.8    0.8   47.6
      3    248    55   303   37.5    8.3   45.8
   --------------------------------------------
   SUMS    586    76   662   88.5   11.5  100.0
   --------------------------------------------
      4      4     1     5    0.6    0.1    0.7



>> Dihedral class substitution: Phi 
   prot 1 --> prot 2; class on vert --> class on horiz

              1      2      3      4
      1     358      0     16      0
      2       5     30      0      0
      3      54      0    203      0
      4       0      1      0      0


   Summary (% does not count undefined):

   CODE   # ID # NID # TOT   % ID  % NID  % TOT
      1    358    16   374   53.8    2.4   56.2
      2     30     5    35    4.5    0.8    5.3
      3    203    54   257   30.5    8.1   38.6
   --------------------------------------------
   SUMS    591    75   666   88.7   11.3  100.0
   --------------------------------------------
      4      0     1     1    0.0    0.1    0.1



>> Dihedral class substitution: Psi 
   prot 1 --> prot 2; class on vert --> class on horiz

              1      2      3      4
      1     301      5      0      0
      2      23     70      7      0
      3      36      2    221      0
      4       0      0      0      2


   Summary (% does not count undefined):

   CODE   # ID # NID # TOT   % ID  % NID  % TOT
      1    301     5   306   45.3    0.8   46.0
      2     70    30   100   10.5    4.5   15.0
      3    221    38   259   33.2    5.7   38.9
   --------------------------------------------
   SUMS    592    73   665   89.0   11.0  100.0
   --------------------------------------------
      4      2     0     2    0.3    0.0    0.3



>> Dihedral class substitution: Omeg
   prot 1 --> prot 2; class on vert --> class on horiz

              1      2      3      4
      1     662      0      0      0
      2       0      3      0      0
      3       0      0      0      0
      4       0      0      0      2


   Summary (% does not count undefined):

   CODE   # ID # NID # TOT   % ID  % NID  % TOT
      1    662     0   662   99.5    0.0   99.5
      2      3     0     3    0.5    0.0    0.5
      3      0     0     0    0.0    0.0    0.0
   --------------------------------------------
   SUMS    665     0   665  100.0    0.0  100.0
   --------------------------------------------
      4      2     0     2    0.3    0.0    0.3



>> Dihedral class substitution: chi1
   prot 1 --> prot 2; class on vert --> class on horiz

              1      2      3      4
      1     263     30     10      4
      2      37    156     11      0
      3       5      7     44      0
      4       4      8      0     88


   Summary (% does not count undefined):

   CODE   # ID # NID # TOT   % ID  % NID  % TOT
      1    263    44   307   46.4    7.8   54.1
      2    156    48   204   27.5    8.5   36.0
      3     44    12    56    7.8    2.1    9.9
   --------------------------------------------
   SUMS    463   104   567   81.7   18.3  100.0
   --------------------------------------------
      4     88    12   100   13.2    1.8   15.0



>> Dihedral class substitution: chi2
   prot 1 --> prot 2; class on vert --> class on horiz

              1      2      3      4
      1     224     27      3      4
      2      23     97      1      0
      3       5      3     19      2
      4      22      8      0    229


   Summary (% does not count undefined):

   CODE   # ID # NID # TOT   % ID  % NID  % TOT
      1    224    34   258   54.9    8.3   63.2
      2     97    24   121   23.8    5.9   29.7
      3     19    10    29    4.7    2.5    7.1
   --------------------------------------------
   SUMS    340    68   408   83.3   16.7  100.0
   --------------------------------------------
      4    229    30   259   34.3    4.5   38.8



>> Dihedral class substitution: chi3
   prot 1 --> prot 2; class on vert --> class on horiz

              1      2      3      4
      1      94     14      6     14
      2      19     31      0      0
      3       4      1     11      4
      4      11      2      1    455


   Summary (% does not count undefined):

   CODE   # ID # NID # TOT   % ID  % NID  % TOT
      1     94    34   128   47.5   17.2   64.6
      2     31    19    50   15.7    9.6   25.3
      3     11     9    20    5.6    4.5   10.1
   --------------------------------------------
   SUMS    136    62   198   68.7   31.3  100.0
   --------------------------------------------
      4    455    14   469   68.2    2.1   70.3



>> Dihedral class substitution: chi4
   prot 1 --> prot 2; class on vert --> class on horiz

              1      2      3      4
      1      23      2      4      4
      2       0      7      2      0
      3       7      2     10      6
      4       2      2      6    590


   Summary (% does not count undefined):

   CODE   # ID # NID # TOT   % ID  % NID  % TOT
      1     23    10    33   34.3   14.9   49.3
      2      7     2     9   10.4    3.0   13.4
      3     10    15    25   14.9   22.4   37.3
   --------------------------------------------
   SUMS     40    27    67   59.7   40.3  100.0
   --------------------------------------------
      4    590    10   600   88.5    1.5   90.0



>> Dihedral class substitution: chi5
   prot 1 --> prot 2; class on vert --> class on horiz

              1      2      3      4
      1       2      0      0      3
      2       0      0      0      1
      3       0      0      0      0
      4       0      0      0    661


   Summary (% does not count undefined):

   CODE   # ID # NID # TOT   % ID  % NID  % TOT
      1      2     3     5   33.3   50.0   83.3
      2      0     1     1    0.0   16.7   16.7
      3      0     0     0    0.0    0.0    0.0
   --------------------------------------------
   SUMS      2     4     6   33.3   66.7  100.0
   --------------------------------------------
      4    661     0   661   99.1    0.0   99.1



>> Detailed comparison:


       Structure :  2
       Structure :  3
       Structure :  4
       ALN      ... alignment position
       RESID... ... residue numbers 1/2/3
       AAA      ... amino acid types 1/2/3
       MNC      ... mainchain classes 1/2/3
       ALP...   ... dihedral angle classes (alpha,phi,psi,...)

ALN RESIDUE_NUMBERS AAA MNC ALP PHI PSI OMG CH1 CH2 CH3 CH4 CH5 
---------------------------------------------------------------
  1  ---- ----9     --A --U --4 --4 --2 --1 --4 --4 --4 --4 --4
  2  ----10   10    -NN -UL -43 -42 -12 -11 -31 -11 -44 -44 -44
  3  ----11   11    -LL -BB -33 -33 -33 -11 -11 -11 -44 -44 -44
  4  ----12   12    -AA -PP -33 -11 -33 -11 -44 -44 -44 -44 -44
  5  ----13   13    -PP -PP -33 -11 -22 -11 -22 -11 -22 -44 -44
  6  ----14   14    -LL -PP -33 -11 -33 -11 -22 -22 -44 -44 -44
  7  ----15   15    -PP -PP -33 -11 -22 -11 -11 -22 -11 -44 -44
  8  ----16   16    -PP -AA -22 -11 -11 -11 -23 -11 -22 -44 -44
  9  ----17   17    -HH -AA -22 -11 -11 -11 -33 -11 -44 -44 -44
 10  ----18   18    -VV -BB -33 -33 -33 -11 -11 -44 -44 -44 -44
 11  ----19   19    -PP -PP -33 -11 -22 -11 -22 -11 -22 -44 -44
 12  ----20   20    -EE -AA -22 -11 -11 -11 -11 -11 -11 -44 -44
 13  ----21   21    -HH -AA -22 -11 -11 -11 -33 -11 -44 -44 -44
 14  ----22   22    -LL -AA -22 -33 -22 -11 -11 -11 -44 -44 -44
 15  ----23   23    -VV -PP -33 -11 -33 -11 -11 -44 -44 -44 -44
 16  ----24   24    -FF -BB -33 -33 -33 -11 -22 -12 -44 -44 -44
 17  ----25   25    -DD -BB -33 -11 -22 -11 -11 -11 -44 -44 -44
 18  ----26   26    -FF -PP -33 -11 -33 -11 -22 -22 -44 -44 -44
 19  ----27   27    -DD -BB -33 -33 -33 -11 -22 -11 -44 -44 -44
 20  ----28   28    -MM -AA -22 -11 -11 -11 -33 -11 -11 -44 -44
 21  ----29   29    -YY -AA -22 -33 -11 -11 -11 -11 -44 -44 -44
 22  ----30   30    -NN -AA -33 -33 -22 -11 -22 -21 -44 -44 -44
 23  ----31   31    -PP -PP -33 -11 -22 -11 -22 -11 -22 -44 -44
 24  ----32   32    -SS -AA -22 -11 -11 -11 -12 -44 -44 -44 -44
 25  ----33   33    -NN -AA -33 -33 -22 -11 -11 -12 -44 -44 -44
 26  ----34   34    -LL -AA -22 -11 -11 -11 -22 -22 -44 -44 -44
 27  ----35   35    -SS -AA -22 -11 -11 -11 -11 -44 -44 -44 -44
 28  ----36   36    -AA -AA -11 -11 -11 -11 -44 -44 -44 -44 -44
 29  ----37   37    -GG -EE -33 -22 -33 -11 -44 -44 -44 -44 -44
 30  ----38   38    -VV -AA -22 -11 -11 -11 -33 -44 -44 -44 -44
 31  ----39   39    -QQ -AA -22 -11 -11 -11 -11 -33 -11 -44 -44
 32  ----40   40    -EE -AA -22 -11 -11 -11 -11 -33 -11 -44 -44
 33  ----41   41    -AA -AA -22 -11 -11 -11 -44 -44 -44 -44 -44
 34  ----42   42    -WW -AA -22 -11 -11 -11 -11 -11 -44 -44 -44
 35  ----43   43    -AA -AA -22 -11 -11 -11 -44 -44 -44 -44 -44
 36  ----44   44    -VV -AA -22 -11 -11 -11 -33 -44 -44 -44 -44
 37  ----45   45    -LL -AA -22 -11 -11 -11 -11 -11 -44 -44 -44
 38  ----46   46    -QQ -AA -33 -33 -22 -11 -11 -11 -11 -44 -44
 39  ----47   47    -EE -PP -33 -11 -33 -11 -11 -21 -12 -44 -44
 40  ----48   48    -SS -AA -22 -11 -11 -11 -11 -44 -44 -44 -44
 41  ----49   49    -NN -AA -22 -31 -22 -11 -33 -11 -44 -44 -44
 42  ----50   50    -VV -BB -33 -33 -33 -11 -11 -44 -44 -44 -44
 43  ----51   51    -PP -PP -33 -11 -22 -11 -11 -22 -11 -44 -44
 44  ----52   52    -DD -AA -22 -11 -11 -11 -11 -11 -44 -44 -44
 45  ----53   53    -LL -BB -33 -33 -33 -11 -22 -22 -44 -44 -44
 46  ----54   54    -VV -BB -33 -33 -33 -11 -22 -44 -44 -44 -44
 47  ----55   55    -WW -BB -33 -33 -33 -11 -22 -22 -44 -44 -44
 48  ----56   56    -TT -BB -33 -33 -33 -11 -33 -44 -44 -44 -44
 49  ----57   57    -RR -AA -22 -11 -11 -11 -11 -11 -22 -11 -44
 50  ----58   58    -CC -PP -22 -11 -33 -11 -11 -44 -44 -44 -44
 51  ----59   59    -NN -LL -11 -22 -22 -11 -11 -22 -44 -44 -44
 52  ----60   60    -GG -LL -11 -22 -22 -11 -44 -44 -44 -44 -44
 53  ----61   61    -GG -EE -33 -22 -33 -11 -44 -44 -44 -44 -44
 54  ----62   62    -HH -BB -33 -33 -33 -11 -33 -22 -44 -44 -44
 55  ----63   63    -WW -PP -33 -11 -33 -11 -11 -11 -44 -44 -44
 56  ----64   64    -II -BB -33 -33 -33 -11 -11 -11 -44 -44 -44
 57  ----65   65    -AA -BB -33 -13 -33 -11 -44 -44 -44 -44 -44
 58  ----66   66    -TT -AA -22 -33 -11 -11 -22 -44 -44 -44 -44
 59  ----67   67    -RR -BB -33 -33 -33 -11 -11 -22 -11 -11 -44
 60  ----68   68    -GG -AA -22 -11 -11 -11 -44 -44 -44 -44 -44
 61  ----69   69    -QQ -AA -22 -11 -11 -11 -22 -11 -11 -44 -44
 62  ----70   70    -LL -AA -22 -11 -11 -11 -11 -22 -44 -44 -44
 63  ----71   71    -II -AA -22 -11 -11 -11 -11 -11 -44 -44 -44
 64  ----72   72    -RR -AA -22 -11 -11 -11 -11 -11 -11 -22 -44
 65  ----73   73    -EE -AA -22 -11 -11 -11 -11 -11 -22 -44 -44
 66  ----74   74    -AA -AA -22 -11 -11 -11 -44 -44 -44 -44 -44
 67  ----75   75    -YY -AA -22 -11 -11 -11 -11 -11 -44 -44 -44
 68  ----76   76    -EE -AA -22 -11 -11 -11 -11 -11 -11 -44 -44
 69  ----77   77    -DD -BB -33 -33 -22 -11 -22 -11 -44 -44 -44
 70  ----78   78    -YY -AA -22 -11 -11 -11 -33 -11 -44 -44 -44
 71  ----79   79    -RR -AA -22 -11 -11 -11 -11 -11 -13 -13 -44
 72  ----80   80    -HH -AA -22 -33 -11 -11 -11 -22 -44 -44 -44
 73  ----81   81    -FF -BB -33 -33 -33 -11 -11 -11 -44 -44 -44
 74  ----82   82    -SS -BB -33 -33 -33 -11 -33 -44 -44 -44 -44
 75  ----83   83    -SS -AA -22 -13 -21 -11 -22 -44 -44 -44 -44
 76  ----84   84    -EE -AA -22 -11 -11 -11 -21 -11 -11 -44 -44
 77  ----85   85    -CC -BB -33 -33 -33 -11 -22 -44 -44 -44 -44
 78  ----86   86    -PP -AA -22 -11 -11 -11 -22 -11 -22 -44 -44
 79 1     ---- ---- A-- U-- 4-- 4-- 3-- 1-- 4-- 4-- 4-- 4-- 4--
 80  ---- ---- ---- --- --- --- --- --- --- --- --- --- --- ---
 81 2     ---- ---- P-- A-- 2-- 1-- 1-- 1-- 2-- 1-- 2-- 4-- 4--
 82 3     ---- ---- I-- P-- 3-- 3-- 3-- 1-- 1-- 1-- 4-- 4-- 4--
 83 4    87   87    TFF BBB 333 333 333 111 211 411 444 444 444
 84  ----88   88    -II -PP -12 -33 -33 -22 -11 -31 -44 -44 -44
 85  ----89   89    -PP -AP -13 -11 -12 -11 -12 -21 -12 -44 -44
 86  ---- ----90    --R --A --2 --1 --1 --1 --2 --1 --2 --2 --4
 87  ---- ----91    --E --B --2 --3 --2 --1 --1 --3 --2 --4 --4
 88  ---- ----92    --A --A --3 --3 --2 --1 --4 --4 --4 --4 --4
 89  ---- ----95    --A --L --3 --2 --2 --1 --4 --4 --4 --4 --4
 90  ---- ----96    --Y --B --3 --3 --3 --1 --2 --1 --4 --4 --4
 91  ----97   97    -DD -AA -23 -33 -22 -11 -33 -12 -44 -44 -44
 92  ----98   98    -FF -PP -33 -11 -33 -11 -11 -11 -44 -44 -44
 93  ----99   99    -II -BB -12 -33 -33 -22 -11 -11 -44 -44 -44
 94  ----100  100   -PP -AA -22 -11 -11 -11 -23 -12 -21 -44 -44
 95  ----101  101   -TT -AA -22 -11 -11 -11 -22 -44 -44 -44 -44
 96  ----102  102   -SS -AA -22 -33 -22 -11 -21 -44 -44 -44 -44
 97  ----103  103   -MM -BB -33 -33 -33 -11 -11 -11 -33 -44 -44
 98  ----104  104   -DD -PP -11 -13 -33 -11 -11 -11 -44 -44 -44
 99  ----105  105   -PP -PP -22 -11 -22 -22 -11 -22 -11 -44 -44
100  ----106  106   -PP -AA -22 -11 -11 -11 -22 -11 -22 -44 -44
101  ----107  107   -EE -AA -22 -11 -11 -11 -32 -11 -22 -44 -44
102  ----108  108   -QQ -AA -22 -11 -11 -11 -22 -11 -11 -44 -44
103  ----109  109   -RR -AA -22 -11 -11 -11 -12 -11 -13 -11 -44
104  ----110  110   -QQ -AA -22 -11 -11 -11 -11 -22 -11 -44 -44
105  ----111  111   -FF -AA -22 -11 -11 -11 -11 -11 -44 -44 -44
106 5     ---- ---- A-- B-- 3-- 3-- 3-- 1-- 4-- 4-- 4-- 4-- 4--
107 6     ---- ---- Y-- B-- 3-- 3-- 3-- 1-- 3-- 1-- 4-- 4-- 4--
108 7     ---- ---- S-- B-- 3-- 3-- 3-- 1-- 1-- 4-- 4-- 4-- 4--
109 8     ---- ---- Q-- B-- 3-- 3-- 3-- 1-- 1-- 1-- 1-- 4-- 4--
110 9     ---- ---- Q-- P-- 3-- 1-- 3-- 1-- 1-- 1-- 1-- 4-- 4--
111 10   112  112   TRR AAA 222 311 111 111 222 411 411 433 444
112  ----113  113   -AA -AA -22 -11 -11 -11 -44 -44 -44 -44 -44
113  ----114  114   -LL -AA -22 -11 -11 -11 -22 -22 -44 -44 -44
114  ----115  115   -AA -AA -22 -11 -11 -11 -44 -44 -44 -44 -44
115  ----116  116   -NN -AA -22 -11 -11 -11 -22 -21 -44 -44 -44
116  ----117  117   -QQ -AA -22 -11 -11 -11 -11 -11 -11 -44 -44
117  ----118  118   -VV -AA -22 -33 -11 -11 -22 -44 -44 -44 -44
118  ----119  119   -VV -AA -33 -33 -22 -11 -22 -44 -44 -44 -44
119  ----120  120   -GG -PP -33 -11 -33 -11 -44 -44 -44 -44 -44
120  ----121  121   -MM -AA -22 -11 -11 -11 -22 -33 -22 -44 -44
121 11    ---- ---- R-- B-- 3-- 3-- 3-- 1-- 1-- 1-- 1-- 2-- 4--
122 12    ---- ---- G-- P-- 1-- 3-- 3-- 1-- 4-- 4-- 4-- 4-- 4--
123 13    ---- ---- L-- A-- 2-- 1-- 1-- 1-- 2-- 2-- 4-- 4-- 4--
124 14    ---- ---- L-- A-- 2-- 1-- 1-- 1-- 2-- 2-- 4-- 4-- 4--
125 15    ---- ---- G-- A-- 2-- 1-- 1-- 1-- 4-- 4-- 4-- 4-- 4--
126 16    ---- ---- C-- A-- 2-- 1-- 1-- 1-- 2-- 4-- 4-- 4-- 4--
127 17    ---- ---- I-- A-- 2-- 1-- 1-- 1-- 1-- 1-- 4-- 4-- 4--
128 18    ---- ---- I-- A-- 2-- 1-- 1-- 1-- 1-- 1-- 4-- 4-- 4--
129 19    ---- ---- T-- A-- 2-- 1-- 1-- 1-- 1-- 4-- 4-- 4-- 4--
130 20   122  122   SPP AAA 222 111 111 111 312 421 412 444 444
131  ----123  123   -VV -AA -22 -11 -11 -11 -11 -44 -44 -44 -44
132  ----124  124   -VV -AA -22 -11 -11 -11 -11 -44 -44 -44 -44
133  ----125  125   -DD -AA -22 -11 -11 -11 -11 -11 -44 -44 -44
134  ----126  126   -KK -AA -22 -11 -11 -11 -12 -11 -11 -31 -44
135  ----127  127   -LL -AA -22 -33 -21 -11 -11 -11 -44 -44 -44
136  ----128  128   -EE -AA -22 -11 -11 -11 -22 -11 -22 -44 -44
137  ----129  129   -NN -AA -22 -11 -11 -11 -11 -11 -44 -44 -44
138  ----130  130   -RR -AA -22 -11 -11 -11 -11 -32 -33 -13 -44
139 21    ---- ---- L-- A-- 2-- 1-- 1-- 1-- 1-- 1-- 4-- 4-- 4--
140 22    ---- ---- T-- A-- 3-- 1-- 1-- 1-- 2-- 4-- 4-- 4-- 4--
141 23    ---- ---- G-- L-- 2-- 2-- 2-- 1-- 4-- 4-- 4-- 4-- 4--
142 24    ---- ---- R-- B-- 3-- 3-- 3-- 1-- 2-- 1-- 2-- 2-- 4--
143 25    ---- ---- D-- B-- 3-- 3-- 3-- 1-- 2-- 2-- 4-- 4-- 4--
144 26    ---- ---- K-- A-- 3-- 3-- 1-- 1-- 1-- 1-- 1-- 1-- 4--
145 27    ---- ---- N-- P-- 3-- 1-- 3-- 1-- 1-- 1-- 4-- 4-- 4--
146 28    ---- ---- Q-- P-- 3-- 1-- 3-- 1-- 1-- 1-- 1-- 4-- 4--
147 29    ---- ---- V-- P-- 3-- 3-- 3-- 1-- 1-- 4-- 4-- 4-- 4--
148 30    ---- ---- D-- B-- 2-- 3-- 3-- 1-- 2-- 1-- 4-- 4-- 4--
149 31    ---- ---- G-- E-- 3-- 2-- 3-- 1-- 4-- 4-- 4-- 4-- 4--
150 32    ---- ---- E-- A-- 2-- 1-- 1-- 1-- 1-- 3-- 1-- 4-- 4--
151 33    ---- ---- V-- B-- 3-- 3-- 3-- 1-- 1-- 4-- 4-- 4-- 4--
152 34    ---- ---- Q-- B-- 3-- 3-- 3-- 1-- 1-- 2-- 2-- 4-- 4--
153 35    ---- ---- V-- B-- 3-- 3-- 3-- 1-- 1-- 4-- 4-- 4-- 4--
154 36    ---- ---- L-- B-- 3-- 3-- 3-- 1-- 1-- 1-- 4-- 4-- 4--
155 37    ---- ---- S-- B-- 3-- 3-- 3-- 1-- 3-- 4-- 4-- 4-- 4--
156 38    ---- ---- T-- P-- 1-- 3-- 3-- 1-- 2-- 4-- 4-- 4-- 4--
157 39    ---- ---- A-- A-- 2-- 1-- 1-- 1-- 4-- 4-- 4-- 4-- 4--
158 40    ---- ---- T-- A-- 2-- 3-- 1-- 1-- 2-- 4-- 4-- 4-- 4--
159 41    ---- ---- Q-- B-- 3-- 3-- 3-- 1-- 3-- 1-- 1-- 4-- 4--
160 42    ---- ---- S-- B-- 3-- 3-- 3-- 1-- 3-- 4-- 4-- 4-- 4--
161 43    ---- ---- F-- B-- 3-- 3-- 3-- 1-- 3-- 1-- 4-- 4-- 4--
162 44    ---- ---- L-- B-- 3-- 3-- 3-- 1-- 1-- 1-- 4-- 4-- 4--
163 45    ---- ---- A-- B-- 3-- 3-- 3-- 1-- 4-- 4-- 4-- 4-- 4--
164 46    ---- ---- T-- B-- 3-- 3-- 3-- 1-- 1-- 4-- 4-- 4-- 4--
165 47    ---- ---- C-- B-- 3-- 3-- 3-- 1-- 1-- 1-- 2-- 1-- 1--
166 48    ---- ---- V-- B-- 1-- 3-- 3-- 1-- 1-- 4-- 4-- 4-- 4--
167 49    ---- ---- N-- L-- 1-- 2-- 2-- 1-- 1-- 2-- 4-- 4-- 4--
168 50    ---- ---- G-- L-- 2-- 2-- 2-- 1-- 4-- 4-- 4-- 4-- 4--
169 51    ---- ---- V-- B-- 3-- 3-- 3-- 1-- 1-- 4-- 4-- 4-- 4--
170 52    ---- ---- C-- B-- 3-- 3-- 3-- 1-- 1-- 1-- 2-- 1-- 1--
171 53    ---- ---- W-- B-- 3-- 3-- 3-- 1-- 1-- 1-- 4-- 4-- 4--
172 54    ---- ---- T-- B-- 1-- 3-- 3-- 1-- 3-- 4-- 4-- 4-- 4--
173 55    ---- ---- V-- P-- 3-- 3-- 3-- 1-- 2-- 4-- 4-- 4-- 4--
174 56    ---- ---- Y-- A-- 2-- 1-- 1-- 1-- 2-- 2-- 4-- 4-- 4--
175 57    ---- ---- H-- A-- 2-- 1-- 1-- 1-- 3-- 1-- 4-- 4-- 4--
176 58    ---- ---- G-- A-- 2-- 1-- 1-- 1-- 4-- 4-- 4-- 4-- 4--
177 59    ---- ---- A-- A-- 3-- 3-- 1-- 1-- 4-- 4-- 4-- 4-- 4--
178 60    ---- ---- G-- E-- 1-- 2-- 3-- 1-- 4-- 4-- 4-- 4-- 4--
179 61   131  131   SII AAA 322 311 211 111 211 411 444 444 444
180  ----132  132   -QQ -AA -22 -11 -11 -11 -22 -22 -22 -44 -44
181  ----133  133   -EE -AA -22 -11 -11 -11 -11 -11 -21 -44 -44
182 62    ---- ---- K-- P-- 3-- 1-- 3-- 1-- 1-- 1-- 1-- 3-- 4--
183 63    ---- ---- T-- P-- 3-- 1-- 3-- 1-- 2-- 4-- 4-- 4-- 4--
184 64    ---- ---- L-- B-- 3-- 3-- 3-- 1-- 2-- 2-- 4-- 4-- 4--
185 65    ---- ---- A-- P-- 3-- 1-- 3-- 1-- 4-- 4-- 4-- 4-- 4--
186 66    ---- ---- G-- B-- 3-- 3-- 3-- 1-- 4-- 4-- 4-- 4-- 4--
187 67    ---- ---- P-- A-- 2-- 1-- 1-- 1-- 2-- 1-- 2-- 4-- 4--
188 68    ---- ---- K-- A-- 3-- 3-- 2-- 1-- 1-- 1-- 1-- 1-- 4--
189 69    ---- ---- G-- E-- 1-- 2-- 3-- 1-- 4-- 4-- 4-- 4-- 4--
190 70    ---- ---- P-- P-- 3-- 1-- 2-- 1-- 2-- 1-- 2-- 4-- 4--
191 71    ---- ---- I-- P-- 3-- 3-- 3-- 1-- 1-- 1-- 4-- 4-- 4--
192 72    ---- ---- T-- P-- 3-- 1-- 3-- 1-- 1-- 4-- 4-- 4-- 4--
193 73    ---- ---- Q-- P-- 3-- 1-- 3-- 1-- 1-- 1-- 1-- 4-- 4--
194 74    ---- ---- M-- A-- 2-- 3-- 1-- 1-- 2-- 1-- 3-- 4-- 4--
195 75    ---- ---- Y-- B-- 3-- 3-- 3-- 1-- 1-- 1-- 4-- 4-- 4--
196 76   134  134   TLL BAA 322 311 311 111 122 422 444 444 444
197 77    ---- ---- N-- B-- 3-- 3-- 3-- 1-- 2-- 1-- 4-- 4-- 4--
198 78   135  135   VAA AAA 222 111 111 111 144 444 444 444 444
199  ----136  136   -CC -AA -22 -11 -11 -11 -22 -44 -44 -44 -44
200  ----137  137   -SS -AA -22 -11 -11 -11 -11 -44 -44 -44 -44
201  ----138  138   -LL -AA -22 -11 -11 -11 -11 -11 -44 -44 -44
202 79   139  139   DII AAA 222 111 111 111 111 111 444 444 444
203  ----140  140   -EE -AA -22 -11 -11 -11 -22 -33 -11 -44 -44
204  ----141  141   -SS -AA -22 -11 -11 -11 -11 -44 -44 -44 -44
205  ----142  142   -LL -AA -22 -33 -11 -11 -11 -11 -44 -44 -44
206  ----143  143   -RR -AA -22 -11 -11 -11 -22 -11 -33 -33 -44
207  ----144  144   -PP -AA -22 -11 -11 -11 -21 -12 -21 -44 -44
208  ----145  145   -QQ -AA -33 -11 -11 -11 -11 -22 -11 -44 -44
209  ----146  146   -GG -LL -22 -22 -22 -11 -44 -44 -44 -44 -44
210  ----147  147   -QQ -BB -33 -33 -33 -11 -33 -11 -11 -44 -44
211  ----148  148   -CC -BB -33 -33 -33 -11 -33 -44 -44 -44 -44
212  ----149  149   -NN -BB -33 -33 -33 -11 -22 -11 -44 -44 -44
213  ----150  150   -FF -AA -22 -11 -11 -11 -22 -22 -44 -44 -44
214  ----151  151   -TT -AA -22 -11 -11 -11 -11 -44 -44 -44 -44
215  ----152  152   -EE -AA -22 -11 -11 -11 -22 -33 -22 -44 -44
216  ----153  153   -DD -AA -22 -33 -11 -11 -11 -11 -44 -44 -44
217 80   154  154   QYY AAA 322 333 111 111 122 211 144 444 444
218  ----155  155   -AA -AA -22 -11 -11 -11 -44 -44 -44 -44 -44
219  ----156  156   -EE -AA -22 -11 -11 -11 -11 -11 -21 -44 -44
220  ----157  157   -PP -AA -22 -11 -11 -11 -11 -22 -11 -44 -44
221 81    ---- ---- D-- L-- 3-- 2-- 2-- 1-- 2-- 1-- 4-- 4-- 4--
222 82   158  158   LFF BAA 322 311 311 111 222 222 444 444 444
223  ----159  159   -PP -AA -22 -11 -11 -11 -22 -11 -22 -44 -44
224  ----160  160   -II -AA -22 -11 -11 -11 -33 -33 -44 -44 -44
225 83    ---- ---- V-- B-- 3-- 3-- 3-- 1-- 2-- 4-- 4-- 4-- 4--
226 84   161  161   GRR BAA 322 311 311 111 411 411 411 432 444
227  ----162  162   -II -AA -22 -11 -11 -11 -11 -11 -44 -44 -44
228 85   163  163   WFF BAA 322 311 311 111 122 222 444 444 444
229 86   164  164   PMM PAA 322 111 211 111 111 222 111 444 444
230  ----165  165   -LL -AA -22 -11 -11 -11 -22 -12 -44 -44 -44
231  ----166  166   -LL -AA -22 -11 -11 -11 -11 -11 -44 -44 -44
232  ----167  167   -AA -AA -33 -31 -22 -11 -44 -44 -44 -44 -44
233  ----168  168   -GG -LL -33 -22 -22 -11 -44 -44 -44 -44 -44
234  ----169  169   -LL -BB -33 -33 -33 -11 -11 -11 -44 -44 -44
235  ----170  170   -PP -PP -33 -11 -22 -11 -22 -11 -22 -44 -44
236  ----171  171   -EE -AA -22 -11 -11 -11 -22 -12 -12 -44 -44
237  ----172  172   -EE -AA -22 -11 -11 -11 -13 -32 -11 -44 -44
238  ----173  173   -DD -AA -22 -11 -11 -11 -11 -11 -44 -44 -44
239  ----174  174   -II -AA -22 -11 -11 -11 -11 -11 -44 -44 -44
240  ----175  175   -PP -AA -22 -11 -11 -11 -11 -22 -11 -44 -44
241  ----176  176   -HH -AA -22 -11 -11 -11 -22 -22 -44 -44 -44
242  ----177  177   -LL -AA -22 -11 -11 -11 -22 -22 -44 -44 -44
243  ----178  178   -KK -AA -22 -11 -11 -11 -22 -21 -12 -11 -44
244  ----179  179   -YY -AA -22 -11 -11 -11 -22 -22 -44 -44 -44
245  ----180  180   -LL -AA -22 -11 -11 -11 -11 -11 -44 -44 -44
246 87    ---- ---- A-- P-- 3-- 1-- 3-- 1-- 4-- 4-- 4-- 4-- 4--
247 88    ---- ---- P-- P-- 3-- 1-- 2-- 1-- 1-- 2-- 1-- 4-- 4--
248 89    ---- ---- P-- A-- 2-- 1-- 1-- 1-- 1-- 2-- 1-- 4-- 4--
249 90    ---- ---- G-- A-- 2-- 1-- 2-- 1-- 4-- 4-- 4-- 4-- 4--
250 91    ---- ---- A-- P-- 3-- 1-- 3-- 1-- 4-- 4-- 4-- 4-- 4--
251 92    ---- ---- R-- B-- 3-- 1-- 3-- 1-- 1-- 1-- 1-- 1-- 4--
252 93    ---- ---- S-- P-- 3-- 1-- 3-- 1-- 3-- 4-- 4-- 4-- 4--
253 94    ---- ---- M-- P-- 3-- 3-- 3-- 1-- 1-- 1-- 1-- 4-- 4--
254 95   181  181   TTT BAA 322 311 311 111 122 444 444 444 444
255 96   182  182   PDD PAA 322 111 211 111 111 221 144 444 444
256  ----183  183   -QQ -AA -22 -11 -11 -11 -11 -22 -11 -44 -44
257  ----184  184   -MM -AA -22 -11 -11 -11 -11 -11 -33 -44 -44
258  ----185  185   -TT -AA -22 -33 -11 -11 -22 -44 -44 -44 -44
259 97   186  186   CRR PBB 333 133 323 111 213 411 431 411 444
260  ----187  187   -PP -PP -33 -11 -22 -11 -22 -11 -22 -44 -44
261 98   188  188   TDD AAA 233 313 111 111 233 412 444 444 444
262  ----189  189   -GG -LL -22 -22 -22 -11 -44 -44 -44 -44 -44
263  ----190  190   -SS -AA -22 -11 -11 -11 -22 -44 -44 -44 -44
264  ----191  191   -MM -BB -33 -33 -33 -11 -11 -11 -22 -44 -44
265  ----192  192   -TT -PP -33 -11 -33 -11 -22 -44 -44 -44 -44
266  ----193  193   -FF -AA -22 -11 -11 -11 -22 -22 -44 -44 -44
267  ----194  194   -AA -AA -22 -11 -11 -11 -44 -44 -44 -44 -44
268  ----195  195   -EE -AA -22 -11 -11 -11 -11 -11 -12 -44 -44
269  ----196  196   -AA -AA -22 -11 -11 -11 -44 -44 -44 -44 -44
270  ----197  197   -KK -AA -22 -11 -11 -11 -22 -11 -33 -11 -44
271  ----198  198   -EE -AA -22 -11 -11 -11 -11 -22 -11 -44 -44
272  ----199  199   -AA -AA -22 -11 -11 -11 -44 -44 -44 -44 -44
273  ----200  200   -LL -AA -22 -11 -11 -11 -22 -22 -44 -44 -44
274  ----201  201   -YY -AA -22 -11 -11 -11 -11 -11 -44 -44 -44
275  ----202  202   -DD -AA -22 -11 -11 -11 -11 -12 -44 -44 -44
276  ----203  203   -YY -AA -22 -11 -11 -11 -22 -22 -44 -44 -44
277  ----204  204   -LL -AA -22 -11 -11 -11 -11 -11 -44 -44 -44
278  ----205  205   -II -AA -22 -11 -11 -11 -11 -11 -44 -44 -44
279  ----206  206   -PP -AA -22 -11 -11 -11 -21 -12 -21 -44 -44
280  ----207  207   -II -AA -22 -11 -11 -11 -11 -11 -44 -44 -44
281  ----208  208   -II -AA -22 -11 -11 -11 -11 -11 -44 -44 -44
282  ----209  209   -EE -AA -22 -11 -11 -11 -11 -22 -11 -44 -44
283  ----210  210   -QQ -AA -22 -11 -11 -11 -22 -11 -11 -44 -44
284  ----211  211   -RR -AA -22 -11 -11 -11 -11 -11 -11 -11 -44
285  ----212  212   -RR -AA -22 -11 -11 -11 -11 -11 -13 -23 -44
286  ----213  213   -QQ -AA -22 -31 -11 -11 -11 -22 -11 -44 -44
287  ----214  214   -KK -BB -33 -33 -33 -11 -22 -31 -11 -22 -44
288  ----215  215   -PP -PP -33 -11 -22 -11 -21 -12 -21 -44 -44
289  ----216  216   -GG -PP -33 -11 -33 -11 -44 -44 -44 -44 -44
290  ----217  217   -TT -AA -22 -33 -22 -11 -22 -44 -44 -44 -44
291  ----218  218   -DD -PP -33 -33 -33 -11 -33 -11 -44 -44 -44
292  ----219  219   -AA -AA -22 -11 -11 -11 -44 -44 -44 -44 -44
293  ----220  220   -II -AA -22 -11 -11 -11 -11 -11 -44 -44 -44
294  ----221  221   -SS -AA -22 -11 -11 -11 -22 -44 -44 -44 -44
295  ----222  222   -II -AA -22 -11 -11 -11 -11 -12 -44 -44 -44
296  ----223  223   -VV -AA -22 -11 -11 -11 -11 -44 -44 -44 -44
297  ----224  224   -AA -AA -22 -11 -11 -11 -44 -44 -44 -44 -44
298  ----225  225   -NN -AA -33 -33 -22 -11 -11 -11 -44 -44 -44
299  ----226  226   -GG -PP -33 -11 -33 -11 -44 -44 -44 -44 -44
300  ----227  227   -QQ -BB -33 -33 -33 -11 -11 -32 -21 -44 -44
301  ----228  228   -VV -BB -11 -33 -33 -11 -21 -44 -44 -44 -44
302  ----229  229   -NN -LL -11 -22 -22 -11 -11 -12 -44 -44 -44
303  ----230  230   -GG -LL -22 -22 -12 -11 -44 -44 -44 -44 -44
304  ----231  231   -RR -BB -13 -33 -33 -11 -13 -23 -31 -31 -44
305  ----232  232   -PP -PP -33 -11 -22 -11 -11 -22 -11 -44 -44
306  ----233  233   -II -PP -33 -11 -33 -11 -33 -11 -44 -44 -44
307  ----234  234   -TT -PP -33 -11 -33 -11 -22 -44 -44 -44 -44
308  ----235  235   -SS -AA -22 -11 -11 -11 -23 -44 -44 -44 -44
309  ----236  236   -DD -AA -22 -11 -11 -11 -22 -12 -44 -44 -44
310  ----237  237   -EE -AA -22 -11 -11 -11 -11 -11 -11 -44 -44
311  ----238  238   -AA -AA -22 -11 -11 -11 -44 -44 -44 -44 -44
312  ----239  239   -KK -AA -22 -11 -11 -11 -33 -11 -11 -11 -44
313  ----240  240   -RR -AA -22 -11 -11 -11 -11 -11 -33 -11 -44
314  ----241  241   -MM -AA -22 -11 -11 -11 -11 -11 -22 -44 -44
315  ----242  242   -CC -AA -22 -11 -11 -11 -11 -44 -44 -44 -44
316  ----243  243   -GG -AA -22 -11 -11 -11 -44 -44 -44 -44 -44
317  ----244  244   -LL -AA -22 -11 -11 -11 -22 -22 -44 -44 -44
318  ----245  245   -LL -AA -22 -11 -11 -11 -11 -11 -44 -44 -44
319  ----246  246   -LL -AA -22 -11 -11 -11 -22 -22 -44 -44 -44
320  ----247  247   -VV -AA -22 -11 -11 -11 -22 -44 -44 -44 -44
321  ----248  248   -GG -AA -22 -11 -11 -11 -44 -44 -44 -44 -44
322  ----249  249   -GG -AA -22 -11 -22 -11 -44 -44 -44 -44 -44
323  ----250  250   -LL -AA -22 -33 -11 -11 -11 -11 -44 -44 -44
324  ----251  251   -DD -AA -22 -11 -11 -11 -11 -22 -44 -44 -44
325 99    ---- ---- C-- A-- 3-- 1-- 1-- 1-- 3-- 4-- 4-- 4-- 4--
326 100   ---- ---- G-- L-- 3-- 2-- 3-- 1-- 4-- 4-- 4-- 4-- 4--
327 101   ---- ---- S-- P-- 3-- 3-- 3-- 1-- 3-- 4-- 4-- 4-- 4--
328 102   ---- ---- S-- A-- 2-- 1-- 1-- 1-- 1-- 4-- 4-- 4-- 4--
329 103   ---- ---- D-- B-- 3-- 3-- 3-- 1-- 3-- 2-- 4-- 4-- 4--
330 104   ---- ---- L-- B-- 3-- 3-- 3-- 1-- 1-- 1-- 4-- 4-- 4--
331 105   ---- ---- Y-- B-- 3-- 3-- 3-- 1-- 1-- 2-- 4-- 4-- 4--
332 106   ---- ---- L-- B-- 3-- 3-- 3-- 1-- 2-- 2-- 4-- 4-- 4--
333 107   ---- ---- V-- B-- 3-- 3-- 3-- 1-- 1-- 4-- 4-- 4-- 4--
334 108   ---- ---- T-- P-- 3-- 3-- 3-- 1-- 2-- 4-- 4-- 4-- 4--
335 109   ---- ---- R-- A-- 2-- 1-- 1-- 1-- 3-- 1-- 2-- 3-- 4--
336 110   ---- ---- H-- A-- 3-- 1-- 1-- 1-- 1-- 1-- 4-- 4-- 4--
337 111   ---- ---- A-- L-- 3-- 2-- 2-- 1-- 4-- 4-- 4-- 4-- 4--
338 112   ---- ---- D-- P-- 3-- 3-- 3-- 1-- 1-- 2-- 4-- 4-- 4--
339 113   ---- ---- V-- B-- 3-- 3-- 3-- 1-- 1-- 4-- 4-- 4-- 4--
340 114   ---- ---- I-- B-- 3-- 3-- 3-- 1-- 1-- 1-- 4-- 4-- 4--
341 115   ---- ---- P-- P-- 3-- 1-- 2-- 1-- 1-- 2-- 1-- 4-- 4--
342 116   ---- ---- V-- B-- 3-- 3-- 3-- 1-- 1-- 4-- 4-- 4-- 4--
343 117   ---- ---- R-- B-- 3-- 3-- 3-- 1-- 2-- 3-- 3-- 3-- 4--
344 118   ---- ---- R-- P-- 3-- 1-- 3-- 1-- 2-- 1-- 1-- 1-- 4--
345 119   ---- ---- R-- A-- 1-- 3-- 2-- 1-- 1-- 2-- 1-- 3-- 4--
346 120   ---- ---- G-- B-- 1-- 3-- 3-- 1-- 4-- 4-- 4-- 4-- 4--
347 121   ---- ---- D-- A-- 2-- 1-- 1-- 1-- 1-- 1-- 4-- 4-- 4--
348 122   ---- ---- S-- A-- 2-- 3-- 2-- 1-- 1-- 4-- 4-- 4-- 4--
349 123   ---- ---- R-- B-- 3-- 3-- 3-- 1-- 1-- 2-- 1-- 1-- 4--
350 124   ---- ---- G-- B-- 3-- 3-- 3-- 1-- 4-- 4-- 4-- 4-- 4--
351 125   ---- ---- S-- B-- 3-- 1-- 3-- 1-- 3-- 4-- 4-- 4-- 4--
352 126   ---- ---- L-- P-- 3-- 1-- 3-- 1-- 1-- 1-- 4-- 4-- 4--
353 127   ---- ---- L-- A-- 2-- 1-- 1-- 1-- 1-- 1-- 4-- 4-- 4--
354 128   ---- ---- S-- B-- 3-- 3-- 3-- 1-- 1-- 4-- 4-- 4-- 4--
355 129   ---- ---- P-- P-- 3-- 1-- 2-- 1-- 2-- 1-- 2-- 4-- 4--
356 130   ---- ---- R-- B-- 3-- 3-- 3-- 1-- 1-- 2-- 1-- 2-- 4--
357 131   ---- ---- P-- P-- 3-- 1-- 2-- 1-- 1-- 2-- 1-- 4-- 4--
358 132   ---- ---- V-- A-- 2-- 1-- 1-- 1-- 1-- 4-- 4-- 4-- 4--
359 133   ---- ---- S-- A-- 2-- 1-- 1-- 1-- 1-- 4-- 4-- 4-- 4--
360 134   ---- ---- Y-- A-- 2-- 1-- 1-- 1-- 2-- 2-- 4-- 4-- 4--
361 135   ---- ---- L-- A-- 2-- 3-- 1-- 1-- 1-- 1-- 4-- 4-- 4--
362 136   ---- ---- K-- P-- 2-- 1-- 3-- 1-- 2-- 3-- 1-- 1-- 4--
363 137   ---- ---- G-- L-- 2-- 2-- 2-- 1-- 4-- 4-- 4-- 4-- 4--
364 138   ---- ---- S-- A-- 3-- 3-- 2-- 1-- 2-- 4-- 4-- 4-- 4--
365 139   ---- ---- S-- P-- 2-- 1-- 3-- 1-- 1-- 4-- 4-- 4-- 4--
366 140   ---- ---- G-- L-- 3-- 2-- 2-- 1-- 4-- 4-- 4-- 4-- 4--
367 141  252  252   GTT PAA 322 111 311 111 422 444 444 444 444
368  ----253  253   -VV -AA -22 -11 -11 -11 -11 -44 -44 -44 -44
369 142   ---- ---- P-- P-- 3-- 1-- 2-- 1-- 2-- 1-- 2-- 4-- 4--
370 143   ---- ---- L-- B-- 3-- 3-- 3-- 1-- 1-- 2-- 4-- 4-- 4--
371 144   ---- ---- L-- B-- 3-- 3-- 3-- 1-- 1-- 1-- 4-- 4-- 4--
372 145   ---- ---- C-- P-- 3-- 1-- 3-- 1-- 3-- 4-- 4-- 4-- 4--
373 146   ---- ---- P-- A-- 2-- 1-- 1-- 1-- 1-- 2-- 1-- 4-- 4--
374 147   ---- ---- S-- A-- 3-- 1-- 1-- 1-- 3-- 4-- 4-- 4-- 4--
375 148   ---- ---- G-- L-- 3-- 2-- 2-- 1-- 4-- 4-- 4-- 4-- 4--
376 149   ---- ---- H-- P-- 3-- 3-- 3-- 1-- 1-- 3-- 4-- 4-- 4--
377 150   ---- ---- V-- B-- 3-- 3-- 3-- 1-- 1-- 4-- 4-- 4-- 4--
378 151   ---- ---- V-- A-- 1-- 3-- 1-- 1-- 2-- 4-- 4-- 4-- 4--
379 152   ---- ---- G-- B-- 3-- 3-- 3-- 1-- 4-- 4-- 4-- 4-- 4--
380 153  254  254   IVV BAA 322 311 311 111 211 144 444 444 444
381 154  255  255   FNN PAA 322 111 311 111 211 211 444 444 444
382  ----256  256   -FF -AA -22 -11 -11 -11 -22 -22 -44 -44 -44
383 155  257  257   RLL AAA 122 311 111 111 211 111 344 144 444
384  ----258  258   -SS -AA -22 -11 -11 -11 -22 -44 -44 -44 -44
385  ----259  259   -FF -AA -22 -11 -11 -11 -11 -11 -44 -44 -44
386 156  260  260   ASS BAA 322 311 311 111 422 444 444 444 444
387  ----261  261   -MM -AA -22 -11 -11 -11 -11 -22 -11 -44 -44
388  ----262  262   -EE -AA -22 -11 -11 -11 -22 -11 -11 -44 -44
389  ----263  263   -FF -AA -22 -11 -11 -11 -22 -22 -44 -44 -44
390  ----264  264   -LL -AA -22 -11 -11 -11 -11 -11 -44 -44 -44
391  ----265  265   -AA -AA -22 -11 -11 -11 -44 -44 -44 -44 -44
392  ----266  266   -KK -AA -22 -33 -11 -11 -11 -11 -11 -11 -44
393  ----267  267   -SS -BB -33 -33 -33 -11 -33 -44 -44 -44 -44
394  ----268  268   -PP -AA -22 -11 -11 -11 -11 -22 -11 -44 -44
395  ----269  269   -EE -AA -22 -11 -11 -11 -11 -11 -21 -44 -44
396  ----270  270   -HH -AA -22 -11 -11 -11 -11 -22 -44 -44 -44
397  ----271  271   -RR -AA -22 -11 -11 -11 -11 -11 -22 -22 -44
398  ----272  272   -QQ -AA -22 -11 -11 -11 -22 -33 -12 -44 -44
399  ----273  273   -EE -AA -22 -11 -11 -11 -22 -11 -11 -44 -44
400  ----274  274   -LL -AA -22 -11 -11 -11 -11 -11 -44 -44 -44
401  ----275  275   -II -AA -22 -11 -11 -11 -11 -11 -44 -44 -44
402  ----276  276   -EE -AA -22 -11 -11 -11 -11 -11 -22 -44 -44
403  ----277  277   -RR -BB -33 -33 -23 -11 -11 -22 -33 -31 -44
404  ----278  278   -PP -AA -22 -11 -11 -11 -23 -12 -21 -44 -44
405  ----279  279   -EE -AA -22 -11 -11 -11 -33 -22 -11 -44 -44
406  ----280  280   -RR -AA -22 -31 -11 -11 -11 -11 -11 -11 -44
407  ----281  281   -II -AA -22 -11 -11 -11 -11 -11 -44 -44 -44
408  ----282  282   -PP -AA -22 -11 -11 -11 -11 -22 -11 -44 -44
409  ----283  283   -AA -AA -22 -11 -11 -11 -44 -44 -44 -44 -44
410  ----284  284   -AA -AA -22 -11 -11 -11 -44 -44 -44 -44 -44
411  ----285  285   -CC -AA -22 -11 -11 -11 -22 -44 -44 -44 -44
412  ----286  286   -EE -AA -22 -11 -11 -11 -22 -33 -11 -44 -44
413  ----287  287   -EE -AA -22 -11 -11 -11 -22 -33 -11 -44 -44
414  ----288  288   -LL -AA -22 -11 -11 -11 -11 -11 -44 -44 -44
415  ----289  289   -LL -AA -22 -11 -11 -11 -11 -11 -44 -44 -44
416  ----290  290   -RR -AA -22 -11 -11 -11 -22 -11 -33 -33 -44
417  ----291  291   -RR -AA -22 -11 -11 -11 -22 -33 -11 -33 -44
418  ----292  292   -FF -AA -33 -33 -22 -11 -11 -11 -44 -44 -44
419  ----293  293   -SS -PP -33 -11 -33 -11 -33 -44 -44 -44 -44
420  ----294  294   -LL -AA -22 -33 -12 -11 -33 -11 -44 -44 -44
421  ----295  295   -VV -BP -33 -33 -33 -11 -11 -44 -44 -44 -44
422  ----296  296   -AA -BB -33 -33 -33 -11 -44 -44 -44 -44 -44
423  ----297  297   -DD -PP -33 -33 -33 -11 -13 -21 -44 -44 -44
424  ----298  298   -GG -BB -33 -33 -33 -11 -44 -44 -44 -44 -44
425  ----299  299   -RR -BB -33 -33 -33 -11 -11 -22 -11 -22 -44
426  ----300  300   -II -BB -33 -33 -33 -11 -33 -11 -44 -44 -44
427  ----301  301   -LL -PP -33 -11 -33 -11 -11 -33 -44 -44 -44
428  ----302  302   -TT -AA -11 -11 -11 -11 -22 -44 -44 -44 -44
429  ----303  303   -SS -BB -11 -33 -33 -11 -11 -44 -44 -44 -44
430  ----304  304   -DD -PP -33 -11 -33 -11 -11 -11 -44 -44 -44
431  ----305  305   -YY -BB -33 -33 -33 -11 -22 -22 -44 -44 -44
432  ----306  306   -EE -BB -33 -33 -33 -11 -22 -11 -22 -44 -44
433  ----307  307   -FF -BB -11 -33 -33 -11 -22 -22 -44 -44 -44
434  ----308  308   -HH -LL -11 -22 -22 -11 -11 -11 -44 -44 -44
435  ----309  309   -GG -LL -22 -22 -22 -11 -44 -44 -44 -44 -44
436  ----310  310   -VV -BB -33 -33 -33 -11 -11 -44 -44 -44 -44
437  ----311  311   -QQ -BB -33 -11 -33 -11 -22 -33 -11 -44 -44
438  ----312  312   -LL -BB -33 -33 -33 -11 -11 -11 -44 -44 -44
439  ----313  313   -KK -BB -33 -33 -33 -11 -22 -11 -11 -33 -44
440  ----314  314   -KK -PP -22 -11 -33 -11 -22 -11 -11 -11 -44
441  ----315  315   -GG -LL -33 -22 -22 -11 -44 -44 -44 -44 -44
442  ----316  316   -DD -PP -33 -11 -33 -11 -11 -11 -44 -44 -44
443  ----317  317   -QQ -PP -33 -33 -33 -11 -11 -11 -11 -44 -44
444  ----318  318   -II -BB -33 -33 -33 -11 -33 -11 -44 -44 -44
445  ----319  319   -LL -BB -33 -11 -33 -11 -22 -22 -44 -44 -44
446  ----320  320   -LL -BB -33 -33 -33 -11 -11 -11 -44 -44 -44
447  ----321  321   -PP -PP -33 -11 -22 -11 -11 -22 -11 -44 -44
448  ----322  322   -QQ -AA -22 -11 -11 -11 -11 -33 -11 -44 -44
449  ----323  323   -MM -AA -22 -11 -11 -11 -22 -11 -11 -44 -44
450  ----324  324   -LL -AA -22 -11 -11 -11 -11 -11 -44 -44 -44
451  ----325  325   -SS -AA -22 -11 -11 -11 -22 -44 -44 -44 -44
452  ----326  326   -GG -AA -22 -11 -22 -11 -44 -44 -44 -44 -44
453  ----327  327   -LL -AA -22 -13 -11 -11 -11 -11 -44 -44 -44
454  ----328  328   -DD -PP -33 -11 -33 -11 -22 -11 -44 -44 -44
455  ----329  329   -EE -AA -22 -11 -11 -11 -23 -12 -12 -44 -44
456  ----330  330   -RR -AA -22 -11 -11 -11 -11 -11 -11 -11 -44
457  ----331  331   -EE -AA -22 -33 -11 -11 -11 -11 -22 -44 -44
458  ----332  332   -NN -BB -33 -33 -33 -11 -11 -11 -44 -44 -44
459  ----333  333   -AA -PP -22 -11 -33 -11 -44 -44 -44 -44 -44
460  ----334  334   -AA -LL -33 -22 -22 -11 -44 -44 -44 -44 -44
461  ----335  335   -PP -AA -22 -11 -11 -11 -22 -11 -22 -44 -44
462  ----336  336   -MM -AA -22 -11 -11 -11 -11 -22 -31 -44 -44
463 157   ---- ---- A-- B-- 3-- 3-- 3-- 1-- 4-- 4-- 4-- 4-- 4--
464 158   ---- ---- V-- B-- 3-- 3-- 3-- 1-- 1-- 4-- 4-- 4-- 4--
465 159   ---- ---- C-- B-- 3-- 3-- 3-- 1-- 3-- 4-- 4-- 4-- 4--
466 160   ---- ---- T-- B-- 1-- 3-- 3-- 1-- 1-- 4-- 4-- 4-- 4--
467 161  337  337   RHH LBP 133 211 233 111 122 131 144 344 444
468  ----338  338   -VV -BB -33 -13 -33 -11 -11 -44 -44 -44 -44
469  ----339  339   -DD -BB -33 -33 -33 -11 -22 -11 -44 -44 -44
470  ----340  340   -FF -AA -22 -11 -11 -11 -11 -11 -44 -44 -44
471  ----341  341   -SS -AA -33 -33 -22 -11 -22 -44 -44 -44 -44
472  ----342  342   -RR -PP -33 -11 -33 -11 -11 -11 -11 -22 -44
473  ----343  343   -QQ -AA -22 -11 -11 -11 -12 -21 -21 -44 -44
474  ----344  344   -KK -BB -33 -33 -33 -11 -11 -11 -21 -11 -44
475  ----345  345   -VV -BB -33 -33 -33 -11 -11 -44 -44 -44 -44
476  ----346  346   -SS -BB -33 -33 -33 -11 -33 -44 -44 -44 -44
477  ----347  347   -HH -BB -33 -33 -33 -11 -33 -22 -44 -44 -44
478  ----348  348   -TT -AA -33 -33 -22 -11 -22 -44 -44 -44 -44
479  ----349  349   -TT -AA -22 -11 -11 -11 -11 -44 -44 -44 -44
480  ----350  350   -FF -AA -33 -33 -22 -11 -11 -11 -44 -44 -44
481  ----351  351   -GG -EE -33 -22 -33 -11 -44 -44 -44 -44 -44
482  ----352  352   -HH -BB -22 -33 -33 -11 -22 -22 -44 -44 -44
483  ----353  353   -GG -EE -11 -22 -33 -11 -44 -44 -44 -44 -44
484  ----354  354   -SS -AA -22 -11 -11 -11 -11 -44 -44 -44 -44
485  ----355  355   -HH -AA -33 -33 -22 -11 -11 -11 -44 -44 -44
486  ----356  356   -LL -PP -11 -11 -33 -11 -22 -22 -44 -44 -44
487  ----357  357   -CC -PP -33 -11 -33 -11 -22 -44 -44 -44 -44
488  ----358  358   -LL -AA -22 -11 -11 -11 -11 -11 -44 -44 -44
489  ----359  359   -GG -AA -22 -11 -22 -11 -44 -44 -44 -44 -44
490  ----360  360   -QQ -AA -22 -11 -11 -11 -33 -11 -11 -44 -44
491  ----361  361   -HH -AA -22 -11 -11 -11 -11 -11 -44 -44 -44
492  ----362  362   -LL -AA -22 -11 -11 -11 -22 -22 -44 -44 -44
493  ----363  363   -AA -AA -22 -11 -11 -11 -44 -44 -44 -44 -44
494  ----364  364   -RR -AA -22 -11 -11 -11 -11 -11 -11 -33 -44
495  ----365  365   -RR -AA -22 -11 -11 -11 -22 -33 -33 -33 -44
496  ----366  366   -EE -AA -22 -11 -11 -11 -11 -11 -11 -44 -44
497  ----367  367   -II -AA -22 -11 -11 -11 -11 -11 -44 -44 -44
498  ----368  368   -II -AA -22 -11 -11 -11 -11 -11 -44 -44 -44
499  ----369  369   -VV -AA -22 -11 -11 -11 -11 -44 -44 -44 -44
500  ----370  370   -TT -AA -22 -11 -11 -11 -11 -44 -44 -44 -44
501  ----371  371   -LL -AA -22 -11 -11 -11 -11 -11 -44 -44 -44
502  ----372  372   -KK -AA -22 -11 -11 -11 -11 -11 -32 -31 -44
503  ----373  373   -EE -AA -22 -11 -11 -11 -11 -22 -11 -44 -44
504  ----374  374   -WW -AA -22 -11 -11 -11 -22 -22 -44 -44 -44
505  ----375  375   -LL -AA -22 -11 -11 -11 -11 -11 -44 -44 -44
506  ----376  376   -TT -AA -22 -11 -11 -11 -12 -44 -44 -44 -44
507  ----377  377   -RR -AA -22 -33 -11 -11 -11 -11 -11 -33 -44
508  ----378  378   -II -BB -33 -33 -22 -11 -11 -11 -44 -44 -44
509  ----379  379   -PP -AA -22 -11 -11 -11 -22 -11 -22 -44 -44
510  ----380  380   -DD -BB -33 -33 -33 -11 -22 -12 -44 -44 -44
511  ----381  381   -FF -BB -33 -33 -33 -11 -33 -11 -44 -44 -44
512  ----382  382   -SS -BB -11 -33 -33 -11 -22 -44 -44 -44 -44
513  ----383  383   -II -PP -33 -11 -33 -11 -11 -22 -44 -44 -44
514  ----384  384   -AA -PP -33 -11 -33 -11 -44 -44 -44 -44 -44
515  ----385  385   -PP -PP -22 -11 -22 -11 -11 -22 -11 -44 -44
516  ----386  386   -GG -LL -33 -22 -21 -11 -44 -44 -44 -44 -44
517  ----387  387   -AA -PP -33 -11 -33 -11 -44 -44 -44 -44 -44
518  ----388  388   -QQ -BB -33 -33 -33 -11 -21 -11 -11 -44 -44
519  ----389  389   -II -PP -33 -11 -33 -11 -11 -22 -44 -44 -44
520  ----390  390   -QQ -BB -33 -33 -33 -11 -11 -22 -11 -44 -44
521  ----391  391   -HH -PP -33 -33 -33 -11 -11 -33 -44 -44 -44
522  ----392  392   -KK -BB -33 -33 -33 -11 -33 -11 -11 -11 -44
523  ----393  393   -SS -BB -22 -33 -33 -11 -33 -44 -44 -44 -44
524  ----394  394   -GG -BB -11 -33 -33 -11 -44 -44 -44 -44 -44
525  ----395  395   -II -AA -22 -11 -11 -11 -11 -11 -44 -44 -44
526  ----396  396   -VV -BB -33 -33 -33 -11 -11 -44 -44 -44 -44
527  ----397  397   -SS -PP -33 -11 -33 -11 -22 -44 -44 -44 -44
528  ----398  398   -GG -BB -11 -33 -33 -11 -44 -44 -44 -44 -44
529  ----399  399   -VV -BB -33 -33 -33 -11 -11 -44 -44 -44 -44
530  ----400  400   -QQ -AA -11 -11 -11 -11 -11 -22 -11 -44 -44
531  ----401  401   -AA -BB -33 -33 -33 -11 -44 -44 -44 -44 -44
532  ----402  402   -LL -BB -33 -33 -33 -11 -22 -22 -44 -44 -44
533  ----403  403   -PP -PP -33 -11 -22 -11 -22 -11 -22 -44 -44
534  ----404  404   -LL -BB -33 -33 -33 -11 -11 -11 -44 -44 -44
535  ----405  405   -VV -BB -33 -33 -33 -11 -22 -44 -44 -44 -44
536  ----406  406   -WW -BB -33 -33 -33 -11 -33 -11 -44 -44 -44
537  ----407  407   -DD -BB -33 -33 -33 -11 -22 -11 -44 -44 -44
538  ----408  408   -PP -AA -22 -11 -11 -11 -11 -22 -11 -44 -44
539  ----409  409   -AA -AA -22 -11 -11 -11 -44 -44 -44 -44 -44
540  ----410  410   -TT -AA -22 -31 -22 -11 -22 -44 -44 -44 -44
541  ----411  411   -TT -PB -33 -33 -33 -11 -22 -44 -44 -44 -44
542  ----412  412   -KK -BB -33 -33 -33 -11 -32 -11 -31 -32 -44
543  ----413  413   -AA -PP -44 -11 -33 -11 -44 -44 -44 -44 -44
544  ----414  414   -VV -UU -44 -33 -44 -44 -11 -44 -44 -44 -44
545 162   ---- ---- G-- L-- 2-- 2-- 2-- 1-- 4-- 4-- 4-- 4-- 4--
546 163   ---- ---- V-- B-- 3-- 3-- 3-- 1-- 1-- 4-- 4-- 4-- 4--
547 164   ---- ---- A-- B-- 3-- 3-- 3-- 1-- 4-- 4-- 4-- 4-- 4--
548 165   ---- ---- K-- A-- 2-- 3-- 1-- 1-- 3-- 1-- 1-- 2-- 4--
549 166   ---- ---- A-- B-- 3-- 3-- 3-- 1-- 4-- 4-- 4-- 4-- 4--
550 167   ---- ---- V-- B-- 3-- 3-- 3-- 1-- 2-- 4-- 4-- 4-- 4--
551 168   ---- ---- D-- B-- 3-- 3-- 3-- 1-- 2-- 2-- 4-- 4-- 4--
552 169   ---- ---- F-- B-- 3-- 3-- 3-- 1-- 3-- 1-- 4-- 4-- 4--
553 170   ---- ---- I-- B-- 3-- 1-- 3-- 1-- 1-- 1-- 4-- 4-- 4--
554 171   ---- ---- P-- P-- 3-- 1-- 2-- 1-- 2-- 1-- 2-- 4-- 4--
555 172   ---- ---- V-- A-- 2-- 1-- 1-- 1-- 2-- 4-- 4-- 4-- 4--
556 173   ---- ---- E-- A-- 2-- 1-- 1-- 1-- 1-- 3-- 1-- 4-- 4--
557 174   ---- ---- S-- A-- 2-- 1-- 1-- 1-- 2-- 4-- 4-- 4-- 4--
558 175   ---- ---- M-- A-- 2-- 1-- 1-- 1-- 1-- 1-- 3-- 4-- 4--
559 176   ---- ---- E-- A-- 2-- 1-- 1-- 1-- 1-- 1-- 1-- 4-- 4--
560 177   ---- ---- T-- A-- 2-- 1-- 1-- 1-- 1-- 4-- 4-- 4-- 4--
561 178   ---- ---- T-- A-- 2-- 1-- 1-- 1-- 1-- 4-- 4-- 4-- 4--
562 179   ---- ---- M-- A-- 2-- 1-- 1-- 1-- 1-- 1-- 2-- 4-- 4--
563 180   ---- ---- R-- A-- 2-- 1-- 1-- 1-- 4-- 4-- 4-- 4-- 4--
564 181   ---- ---- A-- A-- 4-- 1-- 1-- 1-- 4-- 4-- 4-- 4-- 4--
565 182   ---- ---- S-- U-- 4-- 1-- 4-- 4-- 4-- 4-- 4-- 4-- 4--

Sequence identity comparison (ID_TABLE):

   Diagonal       ... number of residues;
   Upper triangle ... number of identical residues;
   Lower triangle ... % sequence identity, id/min(length).

         tseq1A@1tseq2A@1tseq3A@2tseq4A@2
tseq1A@1      182     181       1       1
tseq2A@1       99     182       1       1
tseq3A@2        1       1     398     398
tseq4A@2        1       1     100     404


Weighted pair-group average clustering based on a distance matrix:


                                                               .--- tseq1A@1.9     1.0000
                                                               |
        .---------------------------------------------------------- tseq2A@1.9    99.0000
        |
        |                                                      .--- tseq3A@2.0     0.0000
        |                                                      |
      .------------------------------------------------------------ tseq4A@2.0

      +----+----+----+----+----+----+----+----+----+----+----+----+
   102.9600   85.1400   67.3200   49.5000   31.6800   13.8600   -3.9600
         94.0500   76.2300   58.4100   40.5900   22.7700    4.9500



Total CPU time [seconds]                                 :       1.16
