
                         MODELLER 10.5, 2024/01/19, r12711

     PROTEIN STRUCTURE MODELLING BY SATISFACTION OF SPATIAL RESTRAINTS


                     Copyright(c) 1989-2024 Andrej Sali
                            All Rights Reserved

                             Written by A. Sali
                               with help from
              B. Webb, M.S. Madhusudhan, M-Y. Shen, G.Q. Dong,
          M.A. Marti-Renom, N. Eswar, F. Alber, M. Topf, B. Oliva,
             A. Fiser, R. Sanchez, B. Yerkovich, A. Badretdinov,
                     F. Melo, J.P. Overington, E. Feyfant
                 University of California, San Francisco, USA
                    Rockefeller University, New York, USA
                      Harvard University, Cambridge, USA
                   Imperial Cancer Research Fund, London, UK
              Birkbeck College, University of London, London, UK


Kind, OS, HostName, Kernel, Processor: 4, Windows Vista build 9200, DESKTOP-3RJGG7I, SMP, unknown
Date and time of compilation         : 2024/01/20 00:12:57
MODELLER executable type             : x86_64-w64
Job starting time (YY/MM/DD HH:MM:SS): 2024/05/26 22:51:25

openf___224_> Open           $(LIB)/restyp.lib
openf___224_> Open           ${MODINSTALL10v5}/modlib/resgrp.lib
rdresgr_266_> Number of residue groups:        2
openf___224_> Open           ${MODINSTALL10v5}/modlib/sstruc.lib

Dynamically allocated memory at   amaxlibraries [B,KiB,MiB]:       191566     187.076     0.183

Dynamically allocated memory at   amaxlibraries [B,KiB,MiB]:       192094     187.592     0.183
openf___224_> Open           ${MODINSTALL10v5}/modlib/resdih.lib

Dynamically allocated memory at   amaxlibraries [B,KiB,MiB]:       240694     235.053     0.230
rdrdih__263_> Number of dihedral angle types         :        9
              Maximal number of dihedral angle optima:        3
              Dihedral angle names                   :  Alph Phi Psi Omeg chi1 chi2 chi3 chi4 chi5
openf___224_> Open           ${MODINSTALL10v5}/modlib/radii.lib

Dynamically allocated memory at   amaxlibraries [B,KiB,MiB]:       253994     248.041     0.242
openf___224_> Open           ${MODINSTALL10v5}/modlib/af_mnchdef.lib
rdwilmo_274_> Mainchain residue conformation classes:  APBLE
openf___224_> Open           ${MODINSTALL10v5}/modlib/mnch.lib
rdclass_257_> Number of classes:        5
openf___224_> Open           ${MODINSTALL10v5}/modlib/mnch1.lib
openf___224_> Open           ${MODINSTALL10v5}/modlib/mnch2.lib
openf___224_> Open           ${MODINSTALL10v5}/modlib/mnch3.lib
openf___224_> Open           ${MODINSTALL10v5}/modlib/xs4.mat
rdrrwgh_268_> Number of residue types:       21
openf___224_> Open           pdb_95.pir

Dynamically allocated memory at amaxsequence_db [B,KiB,MiB]:       298808     291.805     0.285

Dynamically allocated memory at amaxsequence_db [B,KiB,MiB]:       885942     865.178     0.845

Dynamically allocated memory at   amaxalignment [B,KiB,MiB]:       888184     867.367     0.847

Dynamically allocated memory at   amaxalignment [B,KiB,MiB]:       889634     868.783     0.848

Dynamically allocated memory at   amaxalignment [B,KiB,MiB]:       892534     871.615     0.851

Dynamically allocated memory at amaxsequence_db [B,KiB,MiB]:      3108333    3035.481     2.964

Dynamically allocated memory at   amaxalignment [B,KiB,MiB]:      3114133    3041.146     2.970

Dynamically allocated memory at   amaxalignment [B,KiB,MiB]:      3125733    3052.474     2.981

Dynamically allocated memory at   amaxalignment [B,KiB,MiB]:      3148933    3075.130     3.003

Dynamically allocated memory at amaxsequence_db [B,KiB,MiB]:      4256833    4157.063     4.060

SEQ_DATABASE_FILE         : pdb_95.pir
SEQ_DATABASE_FORMAT       : PIR
CHAINS_LIST               : ALL
CLEAN_SEQUENCES           :            T
MINMAX_DB_SEQ_LEN         :           30        4000
Number of sequences       :        11079
Number of residues        :      2436254
Length of longest sequence:         1491


SEQ_DATABASE_FILE         : pdb_95.bin
SEQ_DATABASE_FORMAT       : BINARY
SEARCH_CHAINS_LIST        : ALL
Number of sequences       :        11079
Number of residues        :      2436254
Length of longest sequence:         1491


SEQ_DATABASE_FILE         : pdb_95.bin
SEQ_DATABASE_FORMAT       : BINARY
CHAINS_LIST               : ALL
CLEAN_SEQUENCES           :            T
MINMAX_DB_SEQ_LEN         :            0      999999
Number of sequences       :        11079
Number of residues        :      2436254
Length of longest sequence:         1491

openf___224_> Open           NS3 Protease_Quiry.ali

Dynamically allocated memory at   amaxalignment [B,KiB,MiB]:       301128     294.070     0.287

Dynamically allocated memory at   amaxalignment [B,KiB,MiB]:       302578     295.486     0.289

Dynamically allocated memory at   amaxalignment [B,KiB,MiB]:       305478     298.318     0.291

Dynamically allocated memory at    amaxsequence [B,KiB,MiB]:       306070     298.896     0.292

Read the alignment from file       : NS3 Protease_Quiry.ali

Total number of alignment positions:   149

  #  Code        #_Res #_Segm PDB_code    Name
-------------------------------------------------------------------------------
  1        NS3     149      1 NS3 Proteas

Dynamically allocated memory at     amaxprofile [B,KiB,MiB]:       306999     299.804     0.293
openf___224_> Open           ${LIB}/blosum62.sim.mat
rdrrwgh_268_> Number of residue types:       21

Dynamically allocated memory at amaxsequence_db [B,KiB,MiB]:       583469     569.794     0.556
profile_iteration_> processing sequence:       1    149      1     0.0000000     0.0000000     0.0000000     1

Dynamically allocated memory at amaxsequence_db [B,KiB,MiB]:       592766     578.873     0.565
profile_iteration_> processing sequence:    1109    149      1     0.5000000     0.0004509     0.0000021  1109

Dynamically allocated memory at amaxsequence_db [B,KiB,MiB]:       600554     586.479     0.573
profile_iteration_> processing sequence:    2217    149      1     1.0312500     0.0004652     0.0000021  2150
profile_iteration_> processing sequence:    3325    149      1     1.5468750     0.0004652     0.0000021  2149
profile_iteration_> processing sequence:    4433    149      1     2.0468750     0.0004617     0.0000021  2166
profile_iteration_> processing sequence:    5541    149      1     2.5468750     0.0004596     0.0000021  2176
profile_iteration_> processing sequence:    6649    149      1     3.0625000     0.0004606     0.0000021  2171
profile_iteration_> processing sequence:    7757    149      1     3.5625000     0.0004593     0.0000021  2177
profile_iteration_> processing sequence:    8865    149      1     4.0468750     0.0004565     0.0000021  2191
profile_iteration_> processing sequence:    9973    149      1     4.5156250     0.0004528     0.0000021  2209
 AVERAGE RESIDUAL STANDARD ERROR:    30.68817
 AVERAGE RESIDUAL STANDARD DEVIATION:    230.8171
profile_660_> Quality of the fit between observed/expected score distributions.
              [Iteration, Chi2, nbins, KS-Stat, nscores ] =        1,        0.0494,      121,        0.0106,    11079

HISTOGRAM OF Z-SCORES:

Z:         1  -3.95000   0.00000   0.00000
Z:         1  -3.85000   0.00000   0.00000
Z:         1  -3.75000   0.00000   0.00000
Z:         1  -3.65000   0.00000   0.00000
Z:         1  -3.55000   0.00000   0.00000
Z:         1  -3.45000   0.00000   0.00000
Z:         1  -3.35000   0.00000   0.00000
Z:         1  -3.25000   0.00000   0.00000
Z:         1  -3.15000   0.00000   0.00000
Z:         1  -3.05000   0.00000   0.00000
Z:         1  -2.95000   0.00000   0.00000
Z:         1  -2.85000   0.00000   0.00000
Z:         1  -2.75000   0.00000   0.00000
Z:         1  -2.65000   0.00000   0.00000
Z:         1  -2.55000   0.00000   0.00001
Z:         1  -2.45000   0.00000   0.00004
Z:         1  -2.35000   0.00000   0.00016
Z:         1  -2.25000   0.00000   0.00055
Z:         1  -2.15000   0.00000   0.00163
Z:         1  -2.05000   0.00361   0.00416
Z:         1  -1.95000   0.00812   0.00933
Z:         1  -1.85000   0.00993   0.01872
Z:         1  -1.75000   0.02437   0.03400
Z:         1  -1.65000   0.04333   0.05658
Z:         1  -1.55000   0.08846   0.08721
Z:         1  -1.45000   0.13088   0.12565
Z:         1  -1.35000   0.15705   0.17059
Z:         1  -1.25000   0.21933   0.21981
Z:         1  -1.15000   0.27800   0.27052
Z:         1  -1.05000   0.31772   0.31973
Z:         1  -0.95000   0.36195   0.36469
Z:         1  -0.85000   0.39354   0.40316
Z:         1  -0.75000   0.41881   0.43360
Z:         1  -0.65000   0.42332   0.45519
Z:         1  -0.55000   0.50275   0.46779
Z:         1  -0.45000   0.45582   0.47182
Z:         1  -0.35000   0.47026   0.46811
Z:         1  -0.25000   0.45311   0.45775
Z:         1  -0.15000   0.47206   0.44196
Z:         1  -0.05000   0.40888   0.42194
Z:         1   0.05000   0.41249   0.39889
Z:         1   0.15000   0.36285   0.37383
Z:         1   0.25000   0.41610   0.34769
Z:         1   0.35000   0.31050   0.32121
Z:         1   0.45000   0.28522   0.29500
Z:         1   0.55000   0.30237   0.26953
Z:         1   0.65000   0.24551   0.24513
Z:         1   0.75000   0.23919   0.22205
Z:         1   0.85000   0.18142   0.20043
Z:         1   0.95000   0.16698   0.18036
Z:         1   1.05000   0.14713   0.16185
Z:         1   1.15000   0.14261   0.14489
Z:         1   1.25000   0.13449   0.12944
Z:         1   1.35000   0.11734   0.11542
Z:         1   1.45000   0.09116   0.10275
Z:         1   1.55000   0.08394   0.09133
Z:         1   1.65000   0.09026   0.08109
Z:         1   1.75000   0.07311   0.07191
Z:         1   1.85000   0.05867   0.06371
Z:         1   1.95000   0.05777   0.05639
Z:         1   2.05000   0.05235   0.04988
Z:         1   2.15000   0.04513   0.04409
Z:         1   2.25000   0.03610   0.03895
Z:         1   2.35000   0.03520   0.03439
Z:         1   2.45000   0.03340   0.03035
Z:         1   2.55000   0.01805   0.02678
Z:         1   2.65000   0.01264   0.02361
Z:         1   2.75000   0.01805   0.02082
Z:         1   2.85000   0.01625   0.01835
Z:         1   2.95000   0.01895   0.01617
Z:         1   3.05000   0.01986   0.01424
Z:         1   3.15000   0.01444   0.01255
Z:         1   3.25000   0.01264   0.01105
Z:         1   3.35000   0.01354   0.00973
Z:         1   3.45000   0.00632   0.00857
Z:         1   3.55000   0.01083   0.00754
Z:         1   3.65000   0.00722   0.00664
Z:         1   3.75000   0.00903   0.00584
Z:         1   3.85000   0.00361   0.00514
Z:         1   3.95000   0.00542   0.00453
Z:         1   4.05000   0.00451   0.00398
Z:         1   4.15000   0.00632   0.00350
Z:         1   4.25000   0.00451   0.00308
Z:         1   4.35000   0.00542   0.00271
Z:         1   4.45000   0.00271   0.00239
Z:         1   4.55000   0.00632   0.00210
Z:         1   4.65000   0.00090   0.00185
Z:         1   4.75000   0.00451   0.00163
Z:         1   4.85000   0.00271   0.00143
Z:         1   4.95000   0.00090   0.00126
Z:         1   5.05000   0.00090   0.00111
Z:         1   5.15000   0.00090   0.00097
Z:         1   5.25000   0.00181   0.00086
Z:         1   5.35000   0.00000   0.00075
Z:         1   5.45000   0.00090   0.00066
Z:         1   5.55000   0.00181   0.00058
Z:         1   5.65000   0.00090   0.00051
Z:         1   5.75000   0.00000   0.00045
Z:         1   5.85000   0.00000   0.00040
Z:         1   5.95000   0.00000   0.00035
Z:         1   6.05000   0.00000   0.00031
Z:         1   6.15000   0.00000   0.00027
Z:         1   6.25000   0.00181   0.00024
Z:         1   6.35000   0.00000   0.00021
Z:         1   6.45000   0.00000   0.00018
Z:         1   6.55000   0.00000   0.00016
Z:         1   6.65000   0.00000   0.00014
Z:         1   6.75000   0.00000   0.00013
Z:         1   6.85000   0.00000   0.00011
Z:         1   6.95000   0.00000   0.00010
Z:         1   7.05000   0.00000   0.00009
Z:         1   7.15000   0.00000   0.00007
Z:         1   7.25000   0.00000   0.00007
Z:         1   7.35000   0.00000   0.00006
Z:         1   7.45000   0.00000   0.00005
Z:         1   7.55000   0.00000   0.00004
Z:         1   7.65000   0.00000   0.00004
Z:         1   7.75000   0.00000   0.00003
Z:         1   7.85000   0.00000   0.00003
Z:         1   7.95000   0.00000   0.00003
Z:         1   8.05000   0.00000   0.00002

HITS FOUND IN ITERATION:     1


Dynamically allocated memory at     amaxprofile [B,KiB,MiB]:       736754     719.486     0.703
> 1dy9A                      1      81   31050     175     149   79.31     0.0           2   145     2   146    31   175
> 1a1rA                      1      82   30250     152     149   74.15     0.0           3   147     2   148     3   149

Dynamically allocated memory at amaxsequence_db [B,KiB,MiB]:       737225     719.946     0.703
> 1cu1A                      1    1959   30600     645     149   76.87     0.0           4   147     2   148    45   191

profile_iteration__> Weight Matrix           [sec]:     0.000000
profile_iteration__> Score Collection        [sec]:     5.015625
profile_iteration__> Score Collection/Seq    [sec]:     0.000453
profile_iteration__> DP Steps per sec    [ali/sec]:  2222.746094
profile_iteration__> Statistics              [sec]:     0.015625
profile_iteration__> Add to profile          [sec]:     0.000000
profile_iteration__> Overall performance    [/seq]:     0.000456
profile_iteration__> Overall performance [seq/sec]:  2195.219727
openf___224_> Open           build_profile.prf

Dynamically allocated memory at   amaxalignment [B,KiB,MiB]:       454199     443.554     0.433

Dynamically allocated memory at    amaxsequence [B,KiB,MiB]:       454791     444.132     0.434

Dynamically allocated memory at    amaxsequence [B,KiB,MiB]:       455367     444.694     0.434

Dynamically allocated memory at    amaxsequence [B,KiB,MiB]:       455951     445.265     0.435

Dynamically allocated memory at    amaxsequence [B,KiB,MiB]:       456535     445.835     0.435
openf___224_> Open           build_profile.ali

Dynamically allocated memory at          finish [B,KiB,MiB]:       449191     438.663     0.428
Starting time                                            : 2024/05/26 22:51:25
Closing time                                             : 2024/05/26 22:51:34
Total CPU time [seconds]                                 :       7.98
