
                         MODELLER 10.5, 2024/01/19, r12711

     PROTEIN STRUCTURE MODELLING BY SATISFACTION OF SPATIAL RESTRAINTS


                     Copyright(c) 1989-2024 Andrej Sali
                            All Rights Reserved

                             Written by A. Sali
                               with help from
              B. Webb, M.S. Madhusudhan, M-Y. Shen, G.Q. Dong,
          M.A. Marti-Renom, N. Eswar, F. Alber, M. Topf, B. Oliva,
             A. Fiser, R. Sanchez, B. Yerkovich, A. Badretdinov,
                     F. Melo, J.P. Overington, E. Feyfant
                 University of California, San Francisco, USA
                    Rockefeller University, New York, USA
                      Harvard University, Cambridge, USA
                   Imperial Cancer Research Fund, London, UK
              Birkbeck College, University of London, London, UK


Kind, OS, HostName, Kernel, Processor: 4, Windows Vista build 9200, DESKTOP-3RJGG7I, SMP, unknown
Date and time of compilation         : 2024/01/20 00:12:57
MODELLER executable type             : x86_64-w64
Job starting time (YY/MM/DD HH:MM:SS): 2024/05/26 23:43:46


check_ali___> Checking the sequence-structure alignment. 

Implied intrachain target CA(i)-CA(i+1) distances longer than  8.0 angstroms:

ALN_POS  TMPL  RID1  RID2  NAM1  NAM2     DIST
----------------------------------------------
END OF TABLE
read_to_681_> topology.submodel read from topology file:        3
patch_s_522_> Number of disulfides patched in MODEL:        1
mdtrsr__446W> A potential that relies on one protein is used, yet you have at
              least one known structure available. MDT, not library, potential is used.
0 atoms in HETATM/BLK residues constrained
to protein atoms within 2.30 angstroms
and protein CA atoms within 10.00 angstroms
0 atoms in residues without defined topology
constrained to be rigid bodies
condens_443_> Restraints marked for deletion were removed.
              Total number of restraints before, now:    14249    13212
>> Model assessment by DOPE potential
iatmcls_286W> MODEL atom not classified:  GLN:OXT  GLN


>> ENERGY; Differences between the model's features and restraints:
Number of all residues in MODEL                   :      149
Number of all, selected real atoms                :     1080    1080
Number of all, selected pseudo atoms              :        0       0
Number of all static, selected restraints         :    13212   13212
COVALENT_CYS                                      :        F
NONBONDED_SEL_ATOMS                               :        1
Number of non-bonded pairs (excluding 1-2,1-3,1-4):   185188
Dynamic pairs routine                             : 1, NATM x NATM double loop
Atomic shift for contacts update (UPDATE_DYNAMIC) :    0.390
LENNARD_JONES_SWITCH                              :    6.500   7.500
COULOMB_JONES_SWITCH                              :    6.500   7.500
RESIDUE_SPAN_RANGE                                :        1    9999
NLOGN_USE                                         :       15
CONTACT_SHELL                                     :   15.000
DYNAMIC_PAIRS,_SPHERE,_COULOMB,_LENNARD,_MODELLER :        T       F       F       F       T
SPHERE_STDV                                       :    0.050
RADII_FACTOR                                      :    0.820
Current energy                                    :      -14525.8154




<< end of ENERGY.
DOPE score               : -14525.815430
>> Model assessment by GA341 potential

Surface library          : C:\Program Files\Modeller10.5/modlib/surf5.de
Pair library             : C:\Program Files\Modeller10.5/modlib/pair9.de
Chain identifier         : _
% sequence identity      :    77.851997
Sequence length          :          149
Compactness              :     0.297602
Native energy (pair)     :   -82.335290
Native energy (surface)  :    -8.578543
Native energy (combined) :    -6.021846
Z score (pair)           :    -7.044436
Z score (surface)        :    -4.683623
Z score (combined)       :    -8.034770
GA341 score              :     1.000000



>> ENERGY; Differences between the model's features and restraints:
Number of all residues in MODEL                   :      149
Number of all, selected real atoms                :     1080    1080
Number of all, selected pseudo atoms              :        0       0
Number of all static, selected restraints         :    13212   13212
COVALENT_CYS                                      :        F
NONBONDED_SEL_ATOMS                               :        1
Number of non-bonded pairs (excluding 1-2,1-3,1-4):     2111
Dynamic pairs routine                             : 2, NATM x NATM cell sorting
Atomic shift for contacts update (UPDATE_DYNAMIC) :    0.390
LENNARD_JONES_SWITCH                              :    6.500   7.500
COULOMB_JONES_SWITCH                              :    6.500   7.500
RESIDUE_SPAN_RANGE                                :        0   99999
NLOGN_USE                                         :       15
CONTACT_SHELL                                     :    4.000
DYNAMIC_PAIRS,_SPHERE,_COULOMB,_LENNARD,_MODELLER :        T       T       F       F       F
SPHERE_STDV                                       :    0.050
RADII_FACTOR                                      :    0.820
Current energy                                    :         750.9472





Summary of the restraint violations: 

   NUM     ... number of restraints.
   NUMVI   ... number of restraints with RVIOL > VIOL_REPORT_CUT[i].
   RVIOL   ... relative difference from the best value.
   NUMVP   ... number of restraints with -Ln(pdf) > VIOL_REPORT_CUT2[i].
   RMS_1   ... RMS(feature, minimally_violated_basis_restraint, NUMB).
   RMS_2   ... RMS(feature, best_value, NUMB).
   MOL.PDF ... scaled contribution to -Ln(Molecular pdf).

 #                     RESTRAINT_GROUP      NUM   NUMVI  NUMVP   RMS_1   RMS_2         MOL.PDF     S_i
------------------------------------------------------------------------------------------------------
 1 Bond length potential              :    1103       0      0   0.006   0.006      9.5140       1.000
 2 Bond angle potential               :    1507       0      4   2.042   2.042      123.68       1.000
 3 Stereochemical cosine torsion poten:     704       0     21  50.094  50.094      274.12       1.000
 4 Stereochemical improper torsion pot:     433       0      0   1.133   1.133      13.314       1.000
 5 Soft-sphere overlap restraints     :    2111       0      0   0.002   0.002     0.61059       1.000
 6 Lennard-Jones 6-12 potential       :       0       0      0   0.000   0.000      0.0000       1.000
 7 Coulomb point-point electrostatic p:       0       0      0   0.000   0.000      0.0000       1.000
 8 H-bonding potential                :       0       0      0   0.000   0.000      0.0000       1.000
 9 Distance restraints 1 (CA-CA)      :    2975       0      0   0.081   0.081      24.182       1.000
10 Distance restraints 2 (N-O)        :    3125       1      8   0.155   0.155      88.148       1.000
11 Mainchain Phi dihedral restraints  :       0       0      0   0.000   0.000      0.0000       1.000
12 Mainchain Psi dihedral restraints  :       0       0      0   0.000   0.000      0.0000       1.000
13 Mainchain Omega dihedral restraints:     148       0      1   4.079   4.079      29.042       1.000
14 Sidechain Chi_1 dihedral restraints:     116       0      0  53.683  53.683     -1.7005       1.000
15 Sidechain Chi_2 dihedral restraints:      70       0      0  61.614  61.614      17.859       1.000
16 Sidechain Chi_3 dihedral restraints:      35       0      0  65.406  65.406      17.511       1.000
17 Sidechain Chi_4 dihedral restraints:      12       0      0  98.106  98.106      8.5784       1.000
18 Disulfide distance restraints      :       1       0      0   0.011   0.011     0.20111E-01   1.000
19 Disulfide angle restraints         :       2       0      0   1.988   1.988     0.17456       1.000
20 Disulfide dihedral angle restraints:       1       0      0  51.900  51.900      1.7203       1.000
21 Lower bound distance restraints    :       0       0      0   0.000   0.000      0.0000       1.000
22 Upper bound distance restraints    :       0       0      0   0.000   0.000      0.0000       1.000
23 Distance restraints 3 (SDCH-MNCH)  :    2036       0      0   0.320   0.320      41.366       1.000
24 Sidechain Chi_5 dihedral restraints:       0       0      0   0.000   0.000      0.0000       1.000
25 Phi/Psi pair of dihedral restraints:     147       4      6  24.267  36.069      50.030       1.000
26 Distance restraints 4 (SDCH-SDCH)  :     797       0      0   0.666   0.666      52.783       1.000
27 Distance restraints 5 (X-Y)        :       0       0      0   0.000   0.000      0.0000       1.000
28 NMR distance restraints 6 (X-Y)    :       0       0      0   0.000   0.000      0.0000       1.000
29 NMR distance restraints 7 (X-Y)    :       0       0      0   0.000   0.000      0.0000       1.000
30 Minimal distance restraints        :       0       0      0   0.000   0.000      0.0000       1.000
31 Non-bonded restraints              :       0       0      0   0.000   0.000      0.0000       1.000
32 Atomic accessibility restraints    :       0       0      0   0.000   0.000      0.0000       1.000
33 Atomic density restraints          :       0       0      0   0.000   0.000      0.0000       1.000
34 Absolute position restraints       :       0       0      0   0.000   0.000      0.0000       1.000
35 Dihedral angle difference restraint:       0       0      0   0.000   0.000      0.0000       1.000
36 GBSA implicit solvent potential    :       0       0      0   0.000   0.000      0.0000       1.000
37 EM density fitting potential       :       0       0      0   0.000   0.000      0.0000       1.000
38 SAXS restraints                    :       0       0      0   0.000   0.000      0.0000       1.000
39 Symmetry restraints                :       0       0      0   0.000   0.000      0.0000       1.000



# Heavy relative violation of each residue is written to: qseq.V99990001
# The profile is NOT normalized by the number of restraints.
# The profiles are smoothed over a window of residues:    1
# The sum of all numbers in the file:   11195.7070



List of the violated restraints:
   A restraint is violated when the relative difference
   from the best value (RVIOL) is larger than CUTOFF.

   ICSR   ... index of a restraint in the current set.
   RESNO  ... residue numbers of the first two atoms.
   ATM    ... IUPAC atom names of the first two atoms.
   FEAT   ... the value of the feature in the model.
   restr  ... the mean of the basis restraint with the smallest
              difference from the model (local minimum).
   viol   ... difference from the local minimum.
   rviol  ... relative difference from the local minimum.
   RESTR  ... the best value (global minimum).
   VIOL   ... difference from the best value.
   RVIOL  ... relative difference from the best value.


-------------------------------------------------------------------------------------------------

Feature 25                           : Phi/Psi pair of dihedral restraints     
List of the RVIOL violations larger than   :       6.5000

    #   ICSR  RESNO1/2 ATM1/2   INDATM1/2    FEAT   restr    viol   rviol   RESTR    VIOL   RVIOL
    1   3787  36A  37G C   N     260  262 -142.57 -167.20   25.80    0.37   82.20 -151.69   15.70
    1         37G  37G N   CA    262  263  166.94  174.60                    8.50
    2   3832  81D  82A C   N     594  596   75.60   55.40   27.13    1.55  -62.50  150.97   30.65
    2         82A  82A N   CA    596  597   20.10   38.20                  -40.90
    3   3857 106L 107K C   N     777  779    1.27  -62.90   97.94   11.65  -70.20  126.86   10.51
    3        107K 107K N   CA    779  780 -114.79  -40.80                  140.40
    4   3858 107K 108G C   N     786  788  -60.70  -62.40   42.97    6.50   82.20  143.06    9.84
    4        108G 108G N   CA    788  789    1.74  -41.20                    8.50


report______> Distribution of short non-bonded contacts:


DISTANCE1:  0.00 2.10 2.20 2.30 2.40 2.50 2.60 2.70 2.80 2.90 3.00 3.10 3.20 3.30 3.40
DISTANCE2:  2.10 2.20 2.30 2.40 2.50 2.60 2.70 2.80 2.90 3.00 3.10 3.20 3.30 3.40 3.50
FREQUENCY:     0    0    0    0    0    7   11   45   54   78   79  107  119  149  159


<< end of ENERGY.
>> Model assessment by DOPE potential
iatmcls_286W> MODEL atom not classified:  GLN:OXT  GLN


>> ENERGY; Differences between the model's features and restraints:
Number of all residues in MODEL                   :      149
Number of all, selected real atoms                :     1080    1080
Number of all, selected pseudo atoms              :        0       0
Number of all static, selected restraints         :    13212   13212
COVALENT_CYS                                      :        F
NONBONDED_SEL_ATOMS                               :        1
Number of non-bonded pairs (excluding 1-2,1-3,1-4):   185586
Dynamic pairs routine                             : 1, NATM x NATM double loop
Atomic shift for contacts update (UPDATE_DYNAMIC) :    0.390
LENNARD_JONES_SWITCH                              :    6.500   7.500
COULOMB_JONES_SWITCH                              :    6.500   7.500
RESIDUE_SPAN_RANGE                                :        1    9999
NLOGN_USE                                         :       15
CONTACT_SHELL                                     :   15.000
DYNAMIC_PAIRS,_SPHERE,_COULOMB,_LENNARD,_MODELLER :        T       F       F       F       T
SPHERE_STDV                                       :    0.050
RADII_FACTOR                                      :    0.820
Current energy                                    :      -14526.9082




<< end of ENERGY.
DOPE score               : -14526.908203
>> Model assessment by GA341 potential

Surface library          : C:\Program Files\Modeller10.5/modlib/surf5.de
Pair library             : C:\Program Files\Modeller10.5/modlib/pair9.de
Chain identifier         : _
% sequence identity      :    77.851997
Sequence length          :          149
Compactness              :     0.303853
Native energy (pair)     :   -88.436512
Native energy (surface)  :    -8.377152
Native energy (combined) :    -6.176551
Z score (pair)           :    -6.953690
Z score (surface)        :    -4.630589
Z score (combined)       :    -7.034558
GA341 score              :     1.000000



>> ENERGY; Differences between the model's features and restraints:
Number of all residues in MODEL                   :      149
Number of all, selected real atoms                :     1080    1080
Number of all, selected pseudo atoms              :        0       0
Number of all static, selected restraints         :    13212   13212
COVALENT_CYS                                      :        F
NONBONDED_SEL_ATOMS                               :        1
Number of non-bonded pairs (excluding 1-2,1-3,1-4):     2077
Dynamic pairs routine                             : 2, NATM x NATM cell sorting
Atomic shift for contacts update (UPDATE_DYNAMIC) :    0.390
LENNARD_JONES_SWITCH                              :    6.500   7.500
COULOMB_JONES_SWITCH                              :    6.500   7.500
RESIDUE_SPAN_RANGE                                :        0   99999
NLOGN_USE                                         :       15
CONTACT_SHELL                                     :    4.000
DYNAMIC_PAIRS,_SPHERE,_COULOMB,_LENNARD,_MODELLER :        T       T       F       F       F
SPHERE_STDV                                       :    0.050
RADII_FACTOR                                      :    0.820
Current energy                                    :         689.1647





Summary of the restraint violations: 

   NUM     ... number of restraints.
   NUMVI   ... number of restraints with RVIOL > VIOL_REPORT_CUT[i].
   RVIOL   ... relative difference from the best value.
   NUMVP   ... number of restraints with -Ln(pdf) > VIOL_REPORT_CUT2[i].
   RMS_1   ... RMS(feature, minimally_violated_basis_restraint, NUMB).
   RMS_2   ... RMS(feature, best_value, NUMB).
   MOL.PDF ... scaled contribution to -Ln(Molecular pdf).

 #                     RESTRAINT_GROUP      NUM   NUMVI  NUMVP   RMS_1   RMS_2         MOL.PDF     S_i
------------------------------------------------------------------------------------------------------
 1 Bond length potential              :    1103       0      0   0.006   0.006      9.8706       1.000
 2 Bond angle potential               :    1507       0      3   2.052   2.052      124.37       1.000
 3 Stereochemical cosine torsion poten:     704       0     21  50.250  50.250      277.15       1.000
 4 Stereochemical improper torsion pot:     433       0      0   1.164   1.164      12.975       1.000
 5 Soft-sphere overlap restraints     :    2077       0      0   0.001   0.001     0.31578       1.000
 6 Lennard-Jones 6-12 potential       :       0       0      0   0.000   0.000      0.0000       1.000
 7 Coulomb point-point electrostatic p:       0       0      0   0.000   0.000      0.0000       1.000
 8 H-bonding potential                :       0       0      0   0.000   0.000      0.0000       1.000
 9 Distance restraints 1 (CA-CA)      :    2975       0      0   0.084   0.084      26.206       1.000
10 Distance restraints 2 (N-O)        :    3125       0      0   0.114   0.114      49.359       1.000
11 Mainchain Phi dihedral restraints  :       0       0      0   0.000   0.000      0.0000       1.000
12 Mainchain Psi dihedral restraints  :       0       0      0   0.000   0.000      0.0000       1.000
13 Mainchain Omega dihedral restraints:     148       0      1   4.156   4.156      30.140       1.000
14 Sidechain Chi_1 dihedral restraints:     116       0      0  52.264  52.264      2.2479       1.000
15 Sidechain Chi_2 dihedral restraints:      70       0      0  64.612  64.612      17.000       1.000
16 Sidechain Chi_3 dihedral restraints:      35       0      0  57.343  57.343      16.018       1.000
17 Sidechain Chi_4 dihedral restraints:      12       0      0 125.927 125.927      8.8671       1.000
18 Disulfide distance restraints      :       1       0      0   0.005   0.005     0.40328E-02   1.000
19 Disulfide angle restraints         :       2       0      0   1.862   1.862     0.15317       1.000
20 Disulfide dihedral angle restraints:       1       0      0  56.687  56.687      1.7865       1.000
21 Lower bound distance restraints    :       0       0      0   0.000   0.000      0.0000       1.000
22 Upper bound distance restraints    :       0       0      0   0.000   0.000      0.0000       1.000
23 Distance restraints 3 (SDCH-MNCH)  :    2036       0      0   0.310   0.310      38.102       1.000
24 Sidechain Chi_5 dihedral restraints:       0       0      0   0.000   0.000      0.0000       1.000
25 Phi/Psi pair of dihedral restraints:     147       2      6  22.894  32.766      25.932       1.000
26 Distance restraints 4 (SDCH-SDCH)  :     797       0      1   0.639   0.639      48.670       1.000
27 Distance restraints 5 (X-Y)        :       0       0      0   0.000   0.000      0.0000       1.000
28 NMR distance restraints 6 (X-Y)    :       0       0      0   0.000   0.000      0.0000       1.000
29 NMR distance restraints 7 (X-Y)    :       0       0      0   0.000   0.000      0.0000       1.000
30 Minimal distance restraints        :       0       0      0   0.000   0.000      0.0000       1.000
31 Non-bonded restraints              :       0       0      0   0.000   0.000      0.0000       1.000
32 Atomic accessibility restraints    :       0       0      0   0.000   0.000      0.0000       1.000
33 Atomic density restraints          :       0       0      0   0.000   0.000      0.0000       1.000
34 Absolute position restraints       :       0       0      0   0.000   0.000      0.0000       1.000
35 Dihedral angle difference restraint:       0       0      0   0.000   0.000      0.0000       1.000
36 GBSA implicit solvent potential    :       0       0      0   0.000   0.000      0.0000       1.000
37 EM density fitting potential       :       0       0      0   0.000   0.000      0.0000       1.000
38 SAXS restraints                    :       0       0      0   0.000   0.000      0.0000       1.000
39 Symmetry restraints                :       0       0      0   0.000   0.000      0.0000       1.000



# Heavy relative violation of each residue is written to: qseq.V99990002
# The profile is NOT normalized by the number of restraints.
# The profiles are smoothed over a window of residues:    1
# The sum of all numbers in the file:   11335.7148



List of the violated restraints:
   A restraint is violated when the relative difference
   from the best value (RVIOL) is larger than CUTOFF.

   ICSR   ... index of a restraint in the current set.
   RESNO  ... residue numbers of the first two atoms.
   ATM    ... IUPAC atom names of the first two atoms.
   FEAT   ... the value of the feature in the model.
   restr  ... the mean of the basis restraint with the smallest
              difference from the model (local minimum).
   viol   ... difference from the local minimum.
   rviol  ... relative difference from the local minimum.
   RESTR  ... the best value (global minimum).
   VIOL   ... difference from the best value.
   RVIOL  ... relative difference from the best value.


-------------------------------------------------------------------------------------------------

Feature 25                           : Phi/Psi pair of dihedral restraints     
List of the RVIOL violations larger than   :       6.5000

    #   ICSR  RESNO1/2 ATM1/2   INDATM1/2    FEAT   restr    viol   rviol   RESTR    VIOL   RVIOL
    1   3787  36A  37G C   N     260  262 -143.37 -167.20   24.17    0.38   82.20 -149.45   15.81
    1         37G  37G N   CA    262  263  170.56  174.60                    8.50
    2   3832  81D  82A C   N     594  596   76.45   55.40   28.71    1.60  -62.50  151.18   30.68
    2         82A  82A N   CA    596  597   18.68   38.20                  -40.90


report______> Distribution of short non-bonded contacts:


DISTANCE1:  0.00 2.10 2.20 2.30 2.40 2.50 2.60 2.70 2.80 2.90 3.00 3.10 3.20 3.30 3.40
DISTANCE2:  2.10 2.20 2.30 2.40 2.50 2.60 2.70 2.80 2.90 3.00 3.10 3.20 3.30 3.40 3.50
FREQUENCY:     0    0    0    0    0    3    9   40   57   68   76  103  141  146  166


<< end of ENERGY.
>> Model assessment by DOPE potential
iatmcls_286W> MODEL atom not classified:  GLN:OXT  GLN


>> ENERGY; Differences between the model's features and restraints:
Number of all residues in MODEL                   :      149
Number of all, selected real atoms                :     1080    1080
Number of all, selected pseudo atoms              :        0       0
Number of all static, selected restraints         :    13212   13212
COVALENT_CYS                                      :        F
NONBONDED_SEL_ATOMS                               :        1
Number of non-bonded pairs (excluding 1-2,1-3,1-4):   185185
Dynamic pairs routine                             : 1, NATM x NATM double loop
Atomic shift for contacts update (UPDATE_DYNAMIC) :    0.390
LENNARD_JONES_SWITCH                              :    6.500   7.500
COULOMB_JONES_SWITCH                              :    6.500   7.500
RESIDUE_SPAN_RANGE                                :        1    9999
NLOGN_USE                                         :       15
CONTACT_SHELL                                     :   15.000
DYNAMIC_PAIRS,_SPHERE,_COULOMB,_LENNARD,_MODELLER :        T       F       F       F       T
SPHERE_STDV                                       :    0.050
RADII_FACTOR                                      :    0.820
Current energy                                    :      -14347.5312




<< end of ENERGY.
DOPE score               : -14347.531250
>> Model assessment by GA341 potential

Surface library          : C:\Program Files\Modeller10.5/modlib/surf5.de
Pair library             : C:\Program Files\Modeller10.5/modlib/pair9.de
Chain identifier         : _
% sequence identity      :    77.851997
Sequence length          :          149
Compactness              :     0.302266
Native energy (pair)     :   -83.620309
Native energy (surface)  :    -9.674412
Native energy (combined) :    -6.469218
Z score (pair)           :    -7.302601
Z score (surface)        :    -4.976679
Z score (combined)       :    -7.541714
GA341 score              :     1.000000



>> ENERGY; Differences between the model's features and restraints:
Number of all residues in MODEL                   :      149
Number of all, selected real atoms                :     1080    1080
Number of all, selected pseudo atoms              :        0       0
Number of all static, selected restraints         :    13212   13212
COVALENT_CYS                                      :        F
NONBONDED_SEL_ATOMS                               :        1
Number of non-bonded pairs (excluding 1-2,1-3,1-4):     2119
Dynamic pairs routine                             : 2, NATM x NATM cell sorting
Atomic shift for contacts update (UPDATE_DYNAMIC) :    0.390
LENNARD_JONES_SWITCH                              :    6.500   7.500
COULOMB_JONES_SWITCH                              :    6.500   7.500
RESIDUE_SPAN_RANGE                                :        0   99999
NLOGN_USE                                         :       15
CONTACT_SHELL                                     :    4.000
DYNAMIC_PAIRS,_SPHERE,_COULOMB,_LENNARD,_MODELLER :        T       T       F       F       F
SPHERE_STDV                                       :    0.050
RADII_FACTOR                                      :    0.820
Current energy                                    :         733.2570





Summary of the restraint violations: 

   NUM     ... number of restraints.
   NUMVI   ... number of restraints with RVIOL > VIOL_REPORT_CUT[i].
   RVIOL   ... relative difference from the best value.
   NUMVP   ... number of restraints with -Ln(pdf) > VIOL_REPORT_CUT2[i].
   RMS_1   ... RMS(feature, minimally_violated_basis_restraint, NUMB).
   RMS_2   ... RMS(feature, best_value, NUMB).
   MOL.PDF ... scaled contribution to -Ln(Molecular pdf).

 #                     RESTRAINT_GROUP      NUM   NUMVI  NUMVP   RMS_1   RMS_2         MOL.PDF     S_i
------------------------------------------------------------------------------------------------------
 1 Bond length potential              :    1103       0      0   0.005   0.005      8.9059       1.000
 2 Bond angle potential               :    1507       0      3   2.047   2.047      123.76       1.000
 3 Stereochemical cosine torsion poten:     704       0     22  50.228  50.228      278.50       1.000
 4 Stereochemical improper torsion pot:     433       0      0   1.182   1.182      13.694       1.000
 5 Soft-sphere overlap restraints     :    2119       0      0   0.002   0.002     0.64068       1.000
 6 Lennard-Jones 6-12 potential       :       0       0      0   0.000   0.000      0.0000       1.000
 7 Coulomb point-point electrostatic p:       0       0      0   0.000   0.000      0.0000       1.000
 8 H-bonding potential                :       0       0      0   0.000   0.000      0.0000       1.000
 9 Distance restraints 1 (CA-CA)      :    2975       0      0   0.085   0.085      26.867       1.000
10 Distance restraints 2 (N-O)        :    3125       0      0   0.115   0.115      49.282       1.000
11 Mainchain Phi dihedral restraints  :       0       0      0   0.000   0.000      0.0000       1.000
12 Mainchain Psi dihedral restraints  :       0       0      0   0.000   0.000      0.0000       1.000
13 Mainchain Omega dihedral restraints:     148       0      1   4.189   4.189      30.630       1.000
14 Sidechain Chi_1 dihedral restraints:     116       0      0  57.626  57.626      16.613       1.000
15 Sidechain Chi_2 dihedral restraints:      70       0      0  63.051  63.051      24.834       1.000
16 Sidechain Chi_3 dihedral restraints:      35       0      1  83.601  83.601      19.959       1.000
17 Sidechain Chi_4 dihedral restraints:      12       0      0  78.625  78.625      7.4743       1.000
18 Disulfide distance restraints      :       1       0      0   0.010   0.010     0.18737E-01   1.000
19 Disulfide angle restraints         :       2       0      0   1.920   1.920     0.16281       1.000
20 Disulfide dihedral angle restraints:       1       0      0  58.493  58.493      1.7972       1.000
21 Lower bound distance restraints    :       0       0      0   0.000   0.000      0.0000       1.000
22 Upper bound distance restraints    :       0       0      0   0.000   0.000      0.0000       1.000
23 Distance restraints 3 (SDCH-MNCH)  :    2036       0      0   0.342   0.342      47.315       1.000
24 Sidechain Chi_5 dihedral restraints:       0       0      0   0.000   0.000      0.0000       1.000
25 Phi/Psi pair of dihedral restraints:     147       2      7  23.335  33.056      30.864       1.000
26 Distance restraints 4 (SDCH-SDCH)  :     797       0      0   0.661   0.661      51.940       1.000
27 Distance restraints 5 (X-Y)        :       0       0      0   0.000   0.000      0.0000       1.000
28 NMR distance restraints 6 (X-Y)    :       0       0      0   0.000   0.000      0.0000       1.000
29 NMR distance restraints 7 (X-Y)    :       0       0      0   0.000   0.000      0.0000       1.000
30 Minimal distance restraints        :       0       0      0   0.000   0.000      0.0000       1.000
31 Non-bonded restraints              :       0       0      0   0.000   0.000      0.0000       1.000
32 Atomic accessibility restraints    :       0       0      0   0.000   0.000      0.0000       1.000
33 Atomic density restraints          :       0       0      0   0.000   0.000      0.0000       1.000
34 Absolute position restraints       :       0       0      0   0.000   0.000      0.0000       1.000
35 Dihedral angle difference restraint:       0       0      0   0.000   0.000      0.0000       1.000
36 GBSA implicit solvent potential    :       0       0      0   0.000   0.000      0.0000       1.000
37 EM density fitting potential       :       0       0      0   0.000   0.000      0.0000       1.000
38 SAXS restraints                    :       0       0      0   0.000   0.000      0.0000       1.000
39 Symmetry restraints                :       0       0      0   0.000   0.000      0.0000       1.000



# Heavy relative violation of each residue is written to: qseq.V99990003
# The profile is NOT normalized by the number of restraints.
# The profiles are smoothed over a window of residues:    1
# The sum of all numbers in the file:   11664.4941



List of the violated restraints:
   A restraint is violated when the relative difference
   from the best value (RVIOL) is larger than CUTOFF.

   ICSR   ... index of a restraint in the current set.
   RESNO  ... residue numbers of the first two atoms.
   ATM    ... IUPAC atom names of the first two atoms.
   FEAT   ... the value of the feature in the model.
   restr  ... the mean of the basis restraint with the smallest
              difference from the model (local minimum).
   viol   ... difference from the local minimum.
   rviol  ... relative difference from the local minimum.
   RESTR  ... the best value (global minimum).
   VIOL   ... difference from the best value.
   RVIOL  ... relative difference from the best value.


-------------------------------------------------------------------------------------------------

Feature 25                           : Phi/Psi pair of dihedral restraints     
List of the RVIOL violations larger than   :       6.5000

    #   ICSR  RESNO1/2 ATM1/2   INDATM1/2    FEAT   restr    viol   rviol   RESTR    VIOL   RVIOL
    1   3787  36A  37G C   N     260  262 -144.40 -167.20   23.84    0.35   82.20 -152.33   15.62
    1         37G  37G N   CA    262  263  167.66  174.60                    8.50
    2   3832  81D  82A C   N     594  596   76.73   55.40   29.97    1.59  -62.50  150.84   30.59
    2         82A  82A N   CA    596  597   17.15   38.20                  -40.90


report______> Distribution of short non-bonded contacts:


DISTANCE1:  0.00 2.10 2.20 2.30 2.40 2.50 2.60 2.70 2.80 2.90 3.00 3.10 3.20 3.30 3.40
DISTANCE2:  2.10 2.20 2.30 2.40 2.50 2.60 2.70 2.80 2.90 3.00 3.10 3.20 3.30 3.40 3.50
FREQUENCY:     0    0    0    0    0    3   15   50   51   77   78   96  135  151  178


<< end of ENERGY.
>> Model assessment by DOPE potential
iatmcls_286W> MODEL atom not classified:  GLN:OXT  GLN


>> ENERGY; Differences between the model's features and restraints:
Number of all residues in MODEL                   :      149
Number of all, selected real atoms                :     1080    1080
Number of all, selected pseudo atoms              :        0       0
Number of all static, selected restraints         :    13212   13212
COVALENT_CYS                                      :        F
NONBONDED_SEL_ATOMS                               :        1
Number of non-bonded pairs (excluding 1-2,1-3,1-4):   185728
Dynamic pairs routine                             : 1, NATM x NATM double loop
Atomic shift for contacts update (UPDATE_DYNAMIC) :    0.390
LENNARD_JONES_SWITCH                              :    6.500   7.500
COULOMB_JONES_SWITCH                              :    6.500   7.500
RESIDUE_SPAN_RANGE                                :        1    9999
NLOGN_USE                                         :       15
CONTACT_SHELL                                     :   15.000
DYNAMIC_PAIRS,_SPHERE,_COULOMB,_LENNARD,_MODELLER :        T       F       F       F       T
SPHERE_STDV                                       :    0.050
RADII_FACTOR                                      :    0.820
Current energy                                    :      -14416.3857




<< end of ENERGY.
DOPE score               : -14416.385742
>> Model assessment by GA341 potential

Surface library          : C:\Program Files\Modeller10.5/modlib/surf5.de
Pair library             : C:\Program Files\Modeller10.5/modlib/pair9.de
Chain identifier         : _
% sequence identity      :    77.851997
Sequence length          :          149
Compactness              :     0.302875
Native energy (pair)     :   -83.934821
Native energy (surface)  :    -8.987420
Native energy (combined) :    -6.202721
Z score (pair)           :    -7.027030
Z score (surface)        :    -4.846940
Z score (combined)       :    -7.190433
GA341 score              :     1.000000



>> ENERGY; Differences between the model's features and restraints:
Number of all residues in MODEL                   :      149
Number of all, selected real atoms                :     1080    1080
Number of all, selected pseudo atoms              :        0       0
Number of all static, selected restraints         :    13212   13212
COVALENT_CYS                                      :        F
NONBONDED_SEL_ATOMS                               :        1
Number of non-bonded pairs (excluding 1-2,1-3,1-4):     2136
Dynamic pairs routine                             : 2, NATM x NATM cell sorting
Atomic shift for contacts update (UPDATE_DYNAMIC) :    0.390
LENNARD_JONES_SWITCH                              :    6.500   7.500
COULOMB_JONES_SWITCH                              :    6.500   7.500
RESIDUE_SPAN_RANGE                                :        0   99999
NLOGN_USE                                         :       15
CONTACT_SHELL                                     :    4.000
DYNAMIC_PAIRS,_SPHERE,_COULOMB,_LENNARD,_MODELLER :        T       T       F       F       F
SPHERE_STDV                                       :    0.050
RADII_FACTOR                                      :    0.820
Current energy                                    :         760.3829





Summary of the restraint violations: 

   NUM     ... number of restraints.
   NUMVI   ... number of restraints with RVIOL > VIOL_REPORT_CUT[i].
   RVIOL   ... relative difference from the best value.
   NUMVP   ... number of restraints with -Ln(pdf) > VIOL_REPORT_CUT2[i].
   RMS_1   ... RMS(feature, minimally_violated_basis_restraint, NUMB).
   RMS_2   ... RMS(feature, best_value, NUMB).
   MOL.PDF ... scaled contribution to -Ln(Molecular pdf).

 #                     RESTRAINT_GROUP      NUM   NUMVI  NUMVP   RMS_1   RMS_2         MOL.PDF     S_i
------------------------------------------------------------------------------------------------------
 1 Bond length potential              :    1103       0      0   0.006   0.006      10.926       1.000
 2 Bond angle potential               :    1507       0      3   2.144   2.144      136.62       1.000
 3 Stereochemical cosine torsion poten:     704       0     19  50.572  50.572      281.21       1.000
 4 Stereochemical improper torsion pot:     433       0      0   1.262   1.262      15.399       1.000
 5 Soft-sphere overlap restraints     :    2136       0      0   0.001   0.001     0.38304       1.000
 6 Lennard-Jones 6-12 potential       :       0       0      0   0.000   0.000      0.0000       1.000
 7 Coulomb point-point electrostatic p:       0       0      0   0.000   0.000      0.0000       1.000
 8 H-bonding potential                :       0       0      0   0.000   0.000      0.0000       1.000
 9 Distance restraints 1 (CA-CA)      :    2975       0      0   0.097   0.097      34.077       1.000
10 Distance restraints 2 (N-O)        :    3125       0      3   0.150   0.150      72.620       1.000
11 Mainchain Phi dihedral restraints  :       0       0      0   0.000   0.000      0.0000       1.000
12 Mainchain Psi dihedral restraints  :       0       0      0   0.000   0.000      0.0000       1.000
13 Mainchain Omega dihedral restraints:     148       0      2   4.364   4.364      33.246       1.000
14 Sidechain Chi_1 dihedral restraints:     116       0      0  56.473  56.473      7.0625       1.000
15 Sidechain Chi_2 dihedral restraints:      70       0      1  57.131  57.131      22.768       1.000
16 Sidechain Chi_3 dihedral restraints:      35       0      0  74.766  74.766      17.618       1.000
17 Sidechain Chi_4 dihedral restraints:      12       0      0 104.386 104.386      10.731       1.000
18 Disulfide distance restraints      :       1       0      0   0.010   0.010     0.18669E-01   1.000
19 Disulfide angle restraints         :       2       0      0   1.729   1.729     0.13200       1.000
20 Disulfide dihedral angle restraints:       1       0      0  58.077  58.077      1.7954       1.000
21 Lower bound distance restraints    :       0       0      0   0.000   0.000      0.0000       1.000
22 Upper bound distance restraints    :       0       0      0   0.000   0.000      0.0000       1.000
23 Distance restraints 3 (SDCH-MNCH)  :    2036       0      0   0.338   0.338      43.729       1.000
24 Sidechain Chi_5 dihedral restraints:       0       0      0   0.000   0.000      0.0000       1.000
25 Phi/Psi pair of dihedral restraints:     147       4      7  22.726  38.211      30.360       1.000
26 Distance restraints 4 (SDCH-SDCH)  :     797       0      0   0.592   0.592      41.688       1.000
27 Distance restraints 5 (X-Y)        :       0       0      0   0.000   0.000      0.0000       1.000
28 NMR distance restraints 6 (X-Y)    :       0       0      0   0.000   0.000      0.0000       1.000
29 NMR distance restraints 7 (X-Y)    :       0       0      0   0.000   0.000      0.0000       1.000
30 Minimal distance restraints        :       0       0      0   0.000   0.000      0.0000       1.000
31 Non-bonded restraints              :       0       0      0   0.000   0.000      0.0000       1.000
32 Atomic accessibility restraints    :       0       0      0   0.000   0.000      0.0000       1.000
33 Atomic density restraints          :       0       0      0   0.000   0.000      0.0000       1.000
34 Absolute position restraints       :       0       0      0   0.000   0.000      0.0000       1.000
35 Dihedral angle difference restraint:       0       0      0   0.000   0.000      0.0000       1.000
36 GBSA implicit solvent potential    :       0       0      0   0.000   0.000      0.0000       1.000
37 EM density fitting potential       :       0       0      0   0.000   0.000      0.0000       1.000
38 SAXS restraints                    :       0       0      0   0.000   0.000      0.0000       1.000
39 Symmetry restraints                :       0       0      0   0.000   0.000      0.0000       1.000



# Heavy relative violation of each residue is written to: qseq.V99990004
# The profile is NOT normalized by the number of restraints.
# The profiles are smoothed over a window of residues:    1
# The sum of all numbers in the file:   11854.9902



List of the violated restraints:
   A restraint is violated when the relative difference
   from the best value (RVIOL) is larger than CUTOFF.

   ICSR   ... index of a restraint in the current set.
   RESNO  ... residue numbers of the first two atoms.
   ATM    ... IUPAC atom names of the first two atoms.
   FEAT   ... the value of the feature in the model.
   restr  ... the mean of the basis restraint with the smallest
              difference from the model (local minimum).
   viol   ... difference from the local minimum.
   rviol  ... relative difference from the local minimum.
   RESTR  ... the best value (global minimum).
   VIOL   ... difference from the best value.
   RVIOL  ... relative difference from the best value.


-------------------------------------------------------------------------------------------------

Feature 25                           : Phi/Psi pair of dihedral restraints     
List of the RVIOL violations larger than   :       6.5000

    #   ICSR  RESNO1/2 ATM1/2   INDATM1/2    FEAT   restr    viol   rviol   RESTR    VIOL   RVIOL
    1   3787  36A  37G C   N     260  262 -141.77 -167.20   26.44    0.39   82.20 -150.87   15.77
    1         37G  37G N   CA    262  263  167.35  174.60                    8.50
    2   3810  59P  60P C   N     438  440  -60.94  -58.70    2.83    0.23  -64.50  175.99   12.95
    2         60P  60P N   CA    440  441  -28.76  -30.50                  147.20
    3   3811  60P  61G C   N     445  447  -77.79  -62.40   17.96    2.72   82.20  165.02   12.28
    3         61G  61G N   CA    447  448  -31.94  -41.20                    8.50
    4   3832  81D  82A C   N     594  596   75.99   55.40   28.24    1.56  -62.50  150.83   30.61
    4         82A  82A N   CA    596  597   18.86   38.20                  -40.90


report______> Distribution of short non-bonded contacts:


DISTANCE1:  0.00 2.10 2.20 2.30 2.40 2.50 2.60 2.70 2.80 2.90 3.00 3.10 3.20 3.30 3.40
DISTANCE2:  2.10 2.20 2.30 2.40 2.50 2.60 2.70 2.80 2.90 3.00 3.10 3.20 3.30 3.40 3.50
FREQUENCY:     0    0    0    0    0    5    5   40   57   84   81  109  134  127  179


<< end of ENERGY.
>> Model assessment by DOPE potential
iatmcls_286W> MODEL atom not classified:  GLN:OXT  GLN


>> ENERGY; Differences between the model's features and restraints:
Number of all residues in MODEL                   :      149
Number of all, selected real atoms                :     1080    1080
Number of all, selected pseudo atoms              :        0       0
Number of all static, selected restraints         :    13212   13212
COVALENT_CYS                                      :        F
NONBONDED_SEL_ATOMS                               :        1
Number of non-bonded pairs (excluding 1-2,1-3,1-4):   185947
Dynamic pairs routine                             : 1, NATM x NATM double loop
Atomic shift for contacts update (UPDATE_DYNAMIC) :    0.390
LENNARD_JONES_SWITCH                              :    6.500   7.500
COULOMB_JONES_SWITCH                              :    6.500   7.500
RESIDUE_SPAN_RANGE                                :        1    9999
NLOGN_USE                                         :       15
CONTACT_SHELL                                     :   15.000
DYNAMIC_PAIRS,_SPHERE,_COULOMB,_LENNARD,_MODELLER :        T       F       F       F       T
SPHERE_STDV                                       :    0.050
RADII_FACTOR                                      :    0.820
Current energy                                    :      -14338.4268




<< end of ENERGY.
DOPE score               : -14338.426758
>> Model assessment by GA341 potential

Surface library          : C:\Program Files\Modeller10.5/modlib/surf5.de
Pair library             : C:\Program Files\Modeller10.5/modlib/pair9.de
Chain identifier         : _
% sequence identity      :    77.851997
Sequence length          :          149
Compactness              :     0.317009
Native energy (pair)     :   -75.322550
Native energy (surface)  :    -8.133364
Native energy (combined) :    -5.531730
Z score (pair)           :    -6.590396
Z score (surface)        :    -4.728457
Z score (combined)       :    -6.874833
GA341 score              :     1.000000



>> ENERGY; Differences between the model's features and restraints:
Number of all residues in MODEL                   :      149
Number of all, selected real atoms                :     1080    1080
Number of all, selected pseudo atoms              :        0       0
Number of all static, selected restraints         :    13212   13212
COVALENT_CYS                                      :        F
NONBONDED_SEL_ATOMS                               :        1
Number of non-bonded pairs (excluding 1-2,1-3,1-4):     2112
Dynamic pairs routine                             : 2, NATM x NATM cell sorting
Atomic shift for contacts update (UPDATE_DYNAMIC) :    0.390
LENNARD_JONES_SWITCH                              :    6.500   7.500
COULOMB_JONES_SWITCH                              :    6.500   7.500
RESIDUE_SPAN_RANGE                                :        0   99999
NLOGN_USE                                         :       15
CONTACT_SHELL                                     :    4.000
DYNAMIC_PAIRS,_SPHERE,_COULOMB,_LENNARD,_MODELLER :        T       T       F       F       F
SPHERE_STDV                                       :    0.050
RADII_FACTOR                                      :    0.820
Current energy                                    :         832.1888





Summary of the restraint violations: 

   NUM     ... number of restraints.
   NUMVI   ... number of restraints with RVIOL > VIOL_REPORT_CUT[i].
   RVIOL   ... relative difference from the best value.
   NUMVP   ... number of restraints with -Ln(pdf) > VIOL_REPORT_CUT2[i].
   RMS_1   ... RMS(feature, minimally_violated_basis_restraint, NUMB).
   RMS_2   ... RMS(feature, best_value, NUMB).
   MOL.PDF ... scaled contribution to -Ln(Molecular pdf).

 #                     RESTRAINT_GROUP      NUM   NUMVI  NUMVP   RMS_1   RMS_2         MOL.PDF     S_i
------------------------------------------------------------------------------------------------------
 1 Bond length potential              :    1103       0      0   0.006   0.006      11.583       1.000
 2 Bond angle potential               :    1507       0      2   2.236   2.236      146.47       1.000
 3 Stereochemical cosine torsion poten:     704       0     21  49.756  49.756      276.93       1.000
 4 Stereochemical improper torsion pot:     433       0      0   1.437   1.437      18.987       1.000
 5 Soft-sphere overlap restraints     :    2112       0      0   0.001   0.001     0.39602       1.000
 6 Lennard-Jones 6-12 potential       :       0       0      0   0.000   0.000      0.0000       1.000
 7 Coulomb point-point electrostatic p:       0       0      0   0.000   0.000      0.0000       1.000
 8 H-bonding potential                :       0       0      0   0.000   0.000      0.0000       1.000
 9 Distance restraints 1 (CA-CA)      :    2975       0      0   0.112   0.112      45.609       1.000
10 Distance restraints 2 (N-O)        :    3125       2      4   0.174   0.174      96.362       1.000
11 Mainchain Phi dihedral restraints  :       0       0      0   0.000   0.000      0.0000       1.000
12 Mainchain Psi dihedral restraints  :       0       0      0   0.000   0.000      0.0000       1.000
13 Mainchain Omega dihedral restraints:     148       0      1   4.385   4.385      33.558       1.000
14 Sidechain Chi_1 dihedral restraints:     116       0      0  53.509  53.509      5.0961       1.000
15 Sidechain Chi_2 dihedral restraints:      70       0      0  56.701  56.701      16.041       1.000
16 Sidechain Chi_3 dihedral restraints:      35       0      1  72.381  72.381      18.857       1.000
17 Sidechain Chi_4 dihedral restraints:      12       0      0  84.177  84.177      9.0492       1.000
18 Disulfide distance restraints      :       1       0      0   0.028   0.028     0.13083       1.000
19 Disulfide angle restraints         :       2       0      0   5.414   5.414      1.2945       1.000
20 Disulfide dihedral angle restraints:       1       0      0  13.598  13.598     0.21864       1.000
21 Lower bound distance restraints    :       0       0      0   0.000   0.000      0.0000       1.000
22 Upper bound distance restraints    :       0       0      0   0.000   0.000      0.0000       1.000
23 Distance restraints 3 (SDCH-MNCH)  :    2036       0      0   0.355   0.355      48.764       1.000
24 Sidechain Chi_5 dihedral restraints:       0       0      0   0.000   0.000      0.0000       1.000
25 Phi/Psi pair of dihedral restraints:     147       6      8  25.773  42.987      50.161       1.000
26 Distance restraints 4 (SDCH-SDCH)  :     797       0      0   0.668   0.668      52.673       1.000
27 Distance restraints 5 (X-Y)        :       0       0      0   0.000   0.000      0.0000       1.000
28 NMR distance restraints 6 (X-Y)    :       0       0      0   0.000   0.000      0.0000       1.000
29 NMR distance restraints 7 (X-Y)    :       0       0      0   0.000   0.000      0.0000       1.000
30 Minimal distance restraints        :       0       0      0   0.000   0.000      0.0000       1.000
31 Non-bonded restraints              :       0       0      0   0.000   0.000      0.0000       1.000
32 Atomic accessibility restraints    :       0       0      0   0.000   0.000      0.0000       1.000
33 Atomic density restraints          :       0       0      0   0.000   0.000      0.0000       1.000
34 Absolute position restraints       :       0       0      0   0.000   0.000      0.0000       1.000
35 Dihedral angle difference restraint:       0       0      0   0.000   0.000      0.0000       1.000
36 GBSA implicit solvent potential    :       0       0      0   0.000   0.000      0.0000       1.000
37 EM density fitting potential       :       0       0      0   0.000   0.000      0.0000       1.000
38 SAXS restraints                    :       0       0      0   0.000   0.000      0.0000       1.000
39 Symmetry restraints                :       0       0      0   0.000   0.000      0.0000       1.000



# Heavy relative violation of each residue is written to: qseq.V99990005
# The profile is NOT normalized by the number of restraints.
# The profiles are smoothed over a window of residues:    1
# The sum of all numbers in the file:   12389.9004



List of the violated restraints:
   A restraint is violated when the relative difference
   from the best value (RVIOL) is larger than CUTOFF.

   ICSR   ... index of a restraint in the current set.
   RESNO  ... residue numbers of the first two atoms.
   ATM    ... IUPAC atom names of the first two atoms.
   FEAT   ... the value of the feature in the model.
   restr  ... the mean of the basis restraint with the smallest
              difference from the model (local minimum).
   viol   ... difference from the local minimum.
   rviol  ... relative difference from the local minimum.
   RESTR  ... the best value (global minimum).
   VIOL   ... difference from the best value.
   RVIOL  ... relative difference from the best value.


-------------------------------------------------------------------------------------------------

Feature 10                           : Distance restraints 2 (N-O)             
List of the RVIOL violations larger than   :       4.5000

    #   ICSR  RESNO1/2 ATM1/2   INDATM1/2    FEAT   restr    viol   rviol   RESTR    VIOL   RVIOL
    1   8082  37G  60P N   O     262  446   12.56   10.20    2.36    4.64   10.20    2.36    4.64

-------------------------------------------------------------------------------------------------

Feature 25                           : Phi/Psi pair of dihedral restraints     
List of the RVIOL violations larger than   :       6.5000

    #   ICSR  RESNO1/2 ATM1/2   INDATM1/2    FEAT   restr    viol   rviol   RESTR    VIOL   RVIOL
    1   3787  36A  37G C   N     260  262 -137.71 -167.20   31.34    0.45   82.20 -150.73   15.88
    1         37G  37G N   CA    262  263  163.98  174.60                    8.50
    2   3810  59P  60P C   N     438  440  -60.18  -58.70    2.03    0.28  -64.50  179.13   13.14
    2         60P  60P N   CA    440  441  -31.88  -30.50                  147.20
    3   3811  60P  61G C   N     445  447  -76.27  -62.40   16.05    2.45   82.20  163.85   12.23
    3         61G  61G N   CA    447  448  -33.13  -41.20                    8.50
    4   3832  81D  82A C   N     594  596   73.01   55.40   24.86    1.31  -62.50  148.84   30.23
    4         82A  82A N   CA    596  597   20.66   38.20                  -40.90
    5   3882 131T 132R C   N     941  943   58.99  -72.10  150.77   12.87   57.30  178.39   11.86
    5        132R 132R N   CA    943  944 -143.62  141.90                   38.00
    6   3883 132R 133G C   N     952  954  -70.47  -62.40   16.07    2.18   82.20  156.82   11.61
    6        133G 133G N   CA    954  955  -27.31  -41.20                    8.50


report______> Distribution of short non-bonded contacts:


DISTANCE1:  0.00 2.10 2.20 2.30 2.40 2.50 2.60 2.70 2.80 2.90 3.00 3.10 3.20 3.30 3.40
DISTANCE2:  2.10 2.20 2.30 2.40 2.50 2.60 2.70 2.80 2.90 3.00 3.10 3.20 3.30 3.40 3.50
FREQUENCY:     0    0    0    0    0    3   11   49   56   66   86  117  131  146  172


<< end of ENERGY.

>> Summary of successfully produced models:
Filename                          molpdf     DOPE score    GA341 score
----------------------------------------------------------------------
qseq.B99990001.pdb             750.94720   -14525.81543        1.00000
qseq.B99990002.pdb             689.16467   -14526.90820        1.00000
qseq.B99990003.pdb             733.25702   -14347.53125        1.00000
qseq.B99990004.pdb             760.38293   -14416.38574        1.00000
qseq.B99990005.pdb             832.18884   -14338.42676        1.00000

Total CPU time [seconds]                                 :      81.19
