
                         MODELLER 10.5, 2024/01/19, r12711

     PROTEIN STRUCTURE MODELLING BY SATISFACTION OF SPATIAL RESTRAINTS


                     Copyright(c) 1989-2024 Andrej Sali
                            All Rights Reserved

                             Written by A. Sali
                               with help from
              B. Webb, M.S. Madhusudhan, M-Y. Shen, G.Q. Dong,
          M.A. Marti-Renom, N. Eswar, F. Alber, M. Topf, B. Oliva,
             A. Fiser, R. Sanchez, B. Yerkovich, A. Badretdinov,
                     F. Melo, J.P. Overington, E. Feyfant
                 University of California, San Francisco, USA
                    Rockefeller University, New York, USA
                      Harvard University, Cambridge, USA
                   Imperial Cancer Research Fund, London, UK
              Birkbeck College, University of London, London, UK


Kind, OS, HostName, Kernel, Processor: 4, Windows Vista build 9200, DESKTOP-3RJGG7I, SMP, unknown
Date and time of compilation         : 2024/01/20 00:12:57
MODELLER executable type             : x86_64-w64
Job starting time (YY/MM/DD HH:MM:SS): 2024/05/26 23:53:30

openf___224_> Open           $(LIB)/restyp.lib
openf___224_> Open           ${MODINSTALL10v5}/modlib/resgrp.lib
rdresgr_266_> Number of residue groups:        2
openf___224_> Open           ${MODINSTALL10v5}/modlib/sstruc.lib

Dynamically allocated memory at   amaxlibraries [B,KiB,MiB]:       191566     187.076     0.183

Dynamically allocated memory at   amaxlibraries [B,KiB,MiB]:       192094     187.592     0.183
openf___224_> Open           ${MODINSTALL10v5}/modlib/resdih.lib

Dynamically allocated memory at   amaxlibraries [B,KiB,MiB]:       240694     235.053     0.230
rdrdih__263_> Number of dihedral angle types         :        9
              Maximal number of dihedral angle optima:        3
              Dihedral angle names                   :  Alph Phi Psi Omeg chi1 chi2 chi3 chi4 chi5
openf___224_> Open           ${MODINSTALL10v5}/modlib/radii.lib

Dynamically allocated memory at   amaxlibraries [B,KiB,MiB]:       253994     248.041     0.242
openf___224_> Open           ${MODINSTALL10v5}/modlib/af_mnchdef.lib
rdwilmo_274_> Mainchain residue conformation classes:  APBLE
openf___224_> Open           ${MODINSTALL10v5}/modlib/mnch.lib
rdclass_257_> Number of classes:        5
openf___224_> Open           ${MODINSTALL10v5}/modlib/mnch1.lib
openf___224_> Open           ${MODINSTALL10v5}/modlib/mnch2.lib
openf___224_> Open           ${MODINSTALL10v5}/modlib/mnch3.lib
openf___224_> Open           ${MODINSTALL10v5}/modlib/xs4.mat
rdrrwgh_268_> Number of residue types:       21
openf___224_> Open           $(LIB)/top_heav.lib
read_to_681_> topology.submodel read from topology file:        3
openf___224_> Open           $(LIB)/par.lib

Dynamically allocated memory at  amaxparameters [B,KiB,MiB]:       393438     384.217     0.375

Dynamically allocated memory at  amaxparameters [B,KiB,MiB]:       395038     385.779     0.377

Dynamically allocated memory at  amaxparameters [B,KiB,MiB]:       399018     389.666     0.381

Dynamically allocated memory at  amaxparameters [B,KiB,MiB]:       401018     391.619     0.382

Dynamically allocated memory at  amaxparameters [B,KiB,MiB]:       404018     394.549     0.385

Dynamically allocated memory at  amaxparameters [B,KiB,MiB]:       408518     398.943     0.390

Dynamically allocated memory at  amaxparameters [B,KiB,MiB]:       414090     404.385     0.395

Dynamically allocated memory at  amaxparameters [B,KiB,MiB]:       416890     407.119     0.398

Dynamically allocated memory at  amaxparameters [B,KiB,MiB]:       421090     411.221     0.402

Dynamically allocated memory at  amaxparameters [B,KiB,MiB]:       427390     417.373     0.408

Dynamically allocated memory at  amaxparameters [B,KiB,MiB]:       430162     420.080     0.410

Dynamically allocated memory at  amaxparameters [B,KiB,MiB]:       431562     421.447     0.412
read_pa_232_> parameters    BONDS   ANGLS  DIHEDS IMPROPS    MODE
                              227     561     661     112       0
openf___224_> Open           qseq.B99990001.pdb

Dynamically allocated memory at amaxcoordinates [B,KiB,MiB]:       442599     432.226     0.422

Dynamically allocated memory at    amaxsequence [B,KiB,MiB]:       442675     432.300     0.422

Dynamically allocated memory at amaxcoordinates [B,KiB,MiB]:       442846     432.467     0.422

Dynamically allocated memory at amaxcoordinates [B,KiB,MiB]:       443696     433.297     0.423

Dynamically allocated memory at amaxcoordinates [B,KiB,MiB]:       444954     434.525     0.424

Dynamically allocated memory at amaxcoordinates [B,KiB,MiB]:       446858     436.385     0.426

Dynamically allocated memory at    amaxsequence [B,KiB,MiB]:       446898     436.424     0.426

Dynamically allocated memory at amaxcoordinates [B,KiB,MiB]:       446988     436.512     0.426

Dynamically allocated memory at amaxcoordinates [B,KiB,MiB]:       449844     439.301     0.429

Dynamically allocated memory at    amaxsequence [B,KiB,MiB]:       449904     439.359     0.429

Dynamically allocated memory at amaxcoordinates [B,KiB,MiB]:       450039     439.491     0.429

Dynamically allocated memory at amaxcoordinates [B,KiB,MiB]:       454323     443.675     0.433

Dynamically allocated memory at    amaxsequence [B,KiB,MiB]:       454411     443.761     0.433

Dynamically allocated memory at amaxcoordinates [B,KiB,MiB]:       454609     443.954     0.434

Dynamically allocated memory at amaxcoordinates [B,KiB,MiB]:       461035     450.229     0.440

Dynamically allocated memory at    amaxsequence [B,KiB,MiB]:       461167     450.358     0.440

Dynamically allocated memory at amaxcoordinates [B,KiB,MiB]:       461464     450.648     0.440

Dynamically allocated memory at amaxcoordinates [B,KiB,MiB]:       471086     460.045     0.449

Dynamically allocated memory at    amaxsequence [B,KiB,MiB]:       471286     460.240     0.449

Dynamically allocated memory at amaxcoordinates [B,KiB,MiB]:       471736     460.680     0.450

Dynamically allocated memory at amaxcoordinates [B,KiB,MiB]:       486186     474.791     0.464

Dynamically allocated memory at       amaxmodel [B,KiB,MiB]:       589178     575.369     0.562
read_mo_297_> Segments, residues, atoms:        1      149     1080
read_mo_298_> Segment:        1  1:A  149:A     1080

Dynamically allocated memory at   amaxalignment [B,KiB,MiB]:       594451     580.519     0.567

Dynamically allocated memory at   amaxstructure [B,KiB,MiB]:       677820     661.934     0.646

Dynamically allocated memory at   amaxalignment [B,KiB,MiB]:       679729     663.798     0.648

Dynamically allocated memory at   amaxstructure [B,KiB,MiB]:       763098     745.213     0.728

Dynamically allocated memory at       amaxmodel [B,KiB,MiB]:       779002     760.744     0.743

mkilst______> segment topology constructed from sequence and RTF:
              segments residues  atoms  bonds angles dihedrals impropers:
                     1      149   1079   1102      0         0       443

Dynamically allocated memory at       amaxmodel [B,KiB,MiB]:       825690     806.338     0.787

patch_______> segment topology patched using RTF:  1 ;  THR  ;  NTER
              segments residues  atoms  bonds angles dihedrals impropers:
                     1      149   1079   1102   1505      1791       443


Dynamically allocated memory at       amaxmodel [B,KiB,MiB]:       870186     849.791     0.830
patch_______> segment topology patched using RTF:  149 ;  GLN  ;  CTER
              segments residues  atoms  bonds angles dihedrals impropers:
                     1      149   1080   1103   1507      1793       444

genseg______> segment topology constructed from sequence and RTF:
              segments residues  atoms  bonds angles dihedrals impropers:
                     1      149   1080   1103   1507      1793       444
transfe_506_> MODEL is an average of all templates.
transfe_511_> Number of templates for coordinate transfer:        1
              After transferring coordinates of the equivalent template atoms,
              there are defined, undefined atoms in MODEL:     1080        0
openf___224_> Open           ${LIB}/atmcls-mf.lib

Dynamically allocated memory at amaxgroup_restr [B,KiB,MiB]:       696694     680.365     0.664

Dynamically allocated memory at amaxgroup_restr [B,KiB,MiB]:       696758     680.428     0.664

Dynamically allocated memory at amaxgroup_restr [B,KiB,MiB]:       696816     680.484     0.665

Dynamically allocated memory at amaxgroup_restr [B,KiB,MiB]:       696880     680.547     0.665

Dynamically allocated memory at amaxgroup_restr [B,KiB,MiB]:       696946     680.611     0.665

Dynamically allocated memory at amaxgroup_restr [B,KiB,MiB]:       697010     680.674     0.665

Dynamically allocated memory at amaxgroup_restr [B,KiB,MiB]:       697166     680.826     0.665

Dynamically allocated memory at amaxgroup_restr [B,KiB,MiB]:       697294     680.951     0.665

Dynamically allocated memory at amaxgroup_restr [B,KiB,MiB]:       697588     681.238     0.665

Dynamically allocated memory at amaxgroup_restr [B,KiB,MiB]:       697780     681.426     0.665

Dynamically allocated memory at amaxgroup_restr [B,KiB,MiB]:       698284     681.918     0.666

Dynamically allocated memory at amaxgroup_restr [B,KiB,MiB]:       698540     682.168     0.666

Dynamically allocated memory at amaxgroup_restr [B,KiB,MiB]:       699536     683.141     0.667

Dynamically allocated memory at amaxgroup_restr [B,KiB,MiB]:       699920     683.516     0.667

Dynamically allocated memory at amaxgroup_restr [B,KiB,MiB]:       700496     684.078     0.668

Dynamically allocated memory at amaxgroup_restr [B,KiB,MiB]:       702530     686.064     0.670

Dynamically allocated memory at amaxgroup_restr [B,KiB,MiB]:       703426     686.939     0.671

Dynamically allocated memory at amaxgroup_restr [B,KiB,MiB]:       707878     691.287     0.675

Dynamically allocated memory at amaxgroup_restr [B,KiB,MiB]:       709222     692.600     0.676

Dynamically allocated memory at amaxgroup_restr [B,KiB,MiB]:       718840     701.992     0.686

Dynamically allocated memory at amaxgroup_restr [B,KiB,MiB]:       720824     703.930     0.687

Dynamically allocated memory at amaxgroup_restr [B,KiB,MiB]:       741470     724.092     0.707

Dynamically allocated memory at amaxgroup_restr [B,KiB,MiB]:       744478     727.029     0.710

Dynamically allocated memory at amaxgroup_restr [B,KiB,MiB]:       790444     771.918     0.754

Dynamically allocated memory at amaxgroup_restr [B,KiB,MiB]:       794924     776.293     0.758

Dynamically allocated memory at amaxgroup_restr [B,KiB,MiB]:       896144     875.141     0.855
openf___224_> Open           ${LIB}/dist-mf.lib

Dynamically allocated memory at amaxgroup_restr [B,KiB,MiB]:       896540     875.527     0.855

Dynamically allocated memory at amaxgroup_restr [B,KiB,MiB]:       897336     876.305     0.856

Dynamically allocated memory at amaxgroup_restr [B,KiB,MiB]:       898132     877.082     0.857

Dynamically allocated memory at amaxgroup_restr [B,KiB,MiB]:       899320     878.242     0.858

Dynamically allocated memory at amaxgroup_restr [B,KiB,MiB]:       899720     878.633     0.858

Dynamically allocated memory at amaxgroup_restr [B,KiB,MiB]:       900320     879.219     0.859

Dynamically allocated memory at amaxgroup_restr [B,KiB,MiB]:       901220     880.098     0.859

Dynamically allocated memory at amaxgroup_restr [B,KiB,MiB]:       902568     881.414     0.861

Dynamically allocated memory at amaxgroup_restr [B,KiB,MiB]:       902768     881.609     0.861

Dynamically allocated memory at amaxgroup_restr [B,KiB,MiB]:       904792     883.586     0.863

Dynamically allocated memory at amaxgroup_restr [B,KiB,MiB]:       905092     883.879     0.863

Dynamically allocated memory at amaxgroup_restr [B,KiB,MiB]:       908128     886.844     0.866

Dynamically allocated memory at amaxgroup_restr [B,KiB,MiB]:       908576     887.281     0.866

Dynamically allocated memory at amaxgroup_restr [B,KiB,MiB]:       913128     891.727     0.871

Dynamically allocated memory at amaxgroup_restr [B,KiB,MiB]:       913800     892.383     0.871

Dynamically allocated memory at amaxgroup_restr [B,KiB,MiB]:       920628     899.051     0.878

Dynamically allocated memory at amaxgroup_restr [B,KiB,MiB]:       921636     900.035     0.879

Dynamically allocated memory at amaxgroup_restr [B,KiB,MiB]:       931880     910.039     0.889

Dynamically allocated memory at amaxgroup_restr [B,KiB,MiB]:       932480     910.625     0.889

Dynamically allocated memory at amaxgroup_restr [B,KiB,MiB]:       932880     911.016     0.890

Dynamically allocated memory at amaxgroup_restr [B,KiB,MiB]:       934392     912.492     0.891

Dynamically allocated memory at amaxgroup_restr [B,KiB,MiB]:       949756     927.496     0.906

Dynamically allocated memory at amaxgroup_restr [B,KiB,MiB]:       950656     928.375     0.907

Dynamically allocated memory at amaxgroup_restr [B,KiB,MiB]:       951256     928.961     0.907

Dynamically allocated memory at amaxgroup_restr [B,KiB,MiB]:       953524     931.176     0.909

Dynamically allocated memory at amaxgroup_restr [B,KiB,MiB]:       976572     953.684     0.931

Dynamically allocated memory at amaxgroup_restr [B,KiB,MiB]:       977916     954.996     0.933

Dynamically allocated memory at amaxgroup_restr [B,KiB,MiB]:       978816     955.875     0.933

Dynamically allocated memory at amaxgroup_restr [B,KiB,MiB]:       982220     959.199     0.937

Dynamically allocated memory at amaxgroup_restr [B,KiB,MiB]:      1016792     992.961     0.970

Dynamically allocated memory at amaxgroup_restr [B,KiB,MiB]:      1018808     994.930     0.972

Dynamically allocated memory at amaxgroup_restr [B,KiB,MiB]:      1020156     996.246     0.973

Dynamically allocated memory at amaxgroup_restr [B,KiB,MiB]:      1025260    1001.230     0.978

Dynamically allocated memory at amaxgroup_restr [B,KiB,MiB]:      1077116    1051.871     1.027

Dynamically allocated memory at amaxgroup_restr [B,KiB,MiB]:      1080140    1054.824     1.030

Dynamically allocated memory at amaxgroup_restr [B,KiB,MiB]:      1082164    1056.801     1.032

Dynamically allocated memory at amaxgroup_restr [B,KiB,MiB]:      1089820    1064.277     1.039

Dynamically allocated memory at amaxgroup_restr [B,KiB,MiB]:      1167604    1140.238     1.114

Dynamically allocated memory at amaxgroup_restr [B,KiB,MiB]:      1172140    1144.668     1.118

Dynamically allocated memory at amaxgroup_restr [B,KiB,MiB]:      1175176    1147.633     1.121

Dynamically allocated memory at amaxgroup_restr [B,KiB,MiB]:      1186660    1158.848     1.132

Dynamically allocated memory at amaxgroup_restr [B,KiB,MiB]:      1303336    1272.789     1.243

Dynamically allocated memory at amaxgroup_restr [B,KiB,MiB]:      1310140    1279.434     1.249

Dynamically allocated memory at amaxgroup_restr [B,KiB,MiB]:      1314692    1283.879     1.254

Dynamically allocated memory at amaxgroup_restr [B,KiB,MiB]:      1331920    1300.703     1.270

Dynamically allocated memory at amaxgroup_restr [B,KiB,MiB]:      1506936    1471.617     1.437

Dynamically allocated memory at amaxgroup_restr [B,KiB,MiB]:      1517148    1481.590     1.447

Dynamically allocated memory at amaxgroup_restr [B,KiB,MiB]:      1523976    1488.258     1.453

Dynamically allocated memory at amaxgroup_restr [B,KiB,MiB]:      1549816    1513.492     1.478

Dynamically allocated memory at amaxgroup_restr [B,KiB,MiB]:      1812340    1769.863     1.728

Dynamically allocated memory at amaxgroup_restr [B,KiB,MiB]:      1827652    1784.816     1.743

Dynamically allocated memory at amaxgroup_restr [B,KiB,MiB]:      1837896    1794.820     1.753

Dynamically allocated memory at amaxgroup_restr [B,KiB,MiB]:      1876656    1832.672     1.790

Dynamically allocated memory at amaxgroup_restr [B,KiB,MiB]:      2270440    2217.227     2.165

Dynamically allocated memory at amaxgroup_restr [B,KiB,MiB]:      2293408    2239.656     2.187

Dynamically allocated memory at amaxgroup_restr [B,KiB,MiB]:      2308772    2254.660     2.202

Dynamically allocated memory at amaxgroup_restr [B,KiB,MiB]:      2366912    2311.438     2.257

Dynamically allocated memory at amaxgroup_restr [B,KiB,MiB]:      2957588    2888.270     2.821

Dynamically allocated memory at amaxgroup_restr [B,KiB,MiB]:      2992040    2921.914     2.853

Dynamically allocated memory at amaxgroup_restr [B,KiB,MiB]:      3015088    2944.422     2.875

Dynamically allocated memory at amaxgroup_restr [B,KiB,MiB]:      3102300    3029.590     2.959

Dynamically allocated memory at amaxgroup_restr [B,KiB,MiB]:      3988316    3894.840     3.804

Dynamically allocated memory at amaxgroup_restr [B,KiB,MiB]:      4040000    3945.312     3.853

Dynamically allocated memory at amaxgroup_restr [B,KiB,MiB]:      4074572    3979.074     3.886

Dynamically allocated memory at amaxgroup_restr [B,KiB,MiB]:      4205388    4106.824     4.011

Dynamically allocated memory at amaxgroup_restr [B,KiB,MiB]:      5534412    5404.699     5.278
read_pa_232_> parameters    BONDS   ANGLS  DIHEDS IMPROPS    MODE
                                0       0       0       0   12561
>> Model assessment by DOPE potential
iatmcls_286W> MODEL atom not classified:  GLN:OXT  GLN
preppdf_453W> No fixed restraints selected; there may be some dynamic ones.
preppdf_454W> Restraints file was probably not read; use restraints.append().

Dynamically allocated memory at amaxhash_contac [B,KiB,MiB]:      5845576    5708.570     5.575

Dynamically allocated memory at  amaxrestraints [B,KiB,MiB]:      6164100    6019.629     5.879

Dynamically allocated memory at  amaxrestraints [B,KiB,MiB]:      6190020    6044.941     5.903

Dynamically allocated memory at  amaxrestraints [B,KiB,MiB]:      6241860    6095.566     5.953

Dynamically allocated memory at  amaxrestraints [B,KiB,MiB]:      6345540    6196.816     6.052

Dynamically allocated memory at  amaxrestraints [B,KiB,MiB]:      6552900    6399.316     6.249

Dynamically allocated memory at  amaxrestraints [B,KiB,MiB]:      6967620    6804.316     6.645

Dynamically allocated memory at  amaxrestraints [B,KiB,MiB]:      7797060    7614.316     7.436


>> ENERGY; Differences between the model's features and restraints:
Number of all residues in MODEL                   :      149
Number of all, selected real atoms                :     1080    1080
Number of all, selected pseudo atoms              :        0       0
Number of all static, selected restraints         :        0       0
COVALENT_CYS                                      :        F
NONBONDED_SEL_ATOMS                               :        1
Number of non-bonded pairs (excluding 1-2,1-3,1-4):   185184
Dynamic pairs routine                             : 1, NATM x NATM double loop
Atomic shift for contacts update (UPDATE_DYNAMIC) :    0.390
LENNARD_JONES_SWITCH                              :    6.500   7.500
COULOMB_JONES_SWITCH                              :    6.500   7.500
RESIDUE_SPAN_RANGE                                :        1    9999
NLOGN_USE                                         :       15
CONTACT_SHELL                                     :   15.000
DYNAMIC_PAIRS,_SPHERE,_COULOMB,_LENNARD,_MODELLER :        T       F       F       F       T
SPHERE_STDV                                       :    0.050
RADII_FACTOR                                      :    0.820
Current energy                                    :      -14525.9189





Summary of the restraint violations: 

   NUM     ... number of restraints.
   NUMVI   ... number of restraints with RVIOL > VIOL_REPORT_CUT[i].
   RVIOL   ... relative difference from the best value.
   NUMVP   ... number of restraints with -Ln(pdf) > VIOL_REPORT_CUT2[i].
   RMS_1   ... RMS(feature, minimally_violated_basis_restraint, NUMB).
   RMS_2   ... RMS(feature, best_value, NUMB).
   MOL.PDF ... scaled contribution to -Ln(Molecular pdf).

 #                     RESTRAINT_GROUP      NUM   NUMVI  NUMVP   RMS_1   RMS_2         MOL.PDF     S_i
------------------------------------------------------------------------------------------------------
 1 Bond length potential              :       0       0      0   0.000   0.000      0.0000       0.000
 2 Bond angle potential               :       0       0      0   0.000   0.000      0.0000       0.000
 3 Stereochemical cosine torsion poten:       0       0      0   0.000   0.000      0.0000       0.000
 4 Stereochemical improper torsion pot:       0       0      0   0.000   0.000      0.0000       0.000
 5 Soft-sphere overlap restraints     :       0       0      0   0.000   0.000      0.0000       0.000
 6 Lennard-Jones 6-12 potential       :       0       0      0   0.000   0.000      0.0000       0.000
 7 Coulomb point-point electrostatic p:       0       0      0   0.000   0.000      0.0000       0.000
 8 H-bonding potential                :       0       0      0   0.000   0.000      0.0000       0.000
 9 Distance restraints 1 (CA-CA)      :       0       0      0   0.000   0.000      0.0000       0.000
10 Distance restraints 2 (N-O)        :       0       0      0   0.000   0.000      0.0000       0.000
11 Mainchain Phi dihedral restraints  :       0       0      0   0.000   0.000      0.0000       0.000
12 Mainchain Psi dihedral restraints  :       0       0      0   0.000   0.000      0.0000       0.000
13 Mainchain Omega dihedral restraints:       0       0      0   0.000   0.000      0.0000       0.000
14 Sidechain Chi_1 dihedral restraints:       0       0      0   0.000   0.000      0.0000       0.000
15 Sidechain Chi_2 dihedral restraints:       0       0      0   0.000   0.000      0.0000       0.000
16 Sidechain Chi_3 dihedral restraints:       0       0      0   0.000   0.000      0.0000       0.000
17 Sidechain Chi_4 dihedral restraints:       0       0      0   0.000   0.000      0.0000       0.000
18 Disulfide distance restraints      :       0       0      0   0.000   0.000      0.0000       0.000
19 Disulfide angle restraints         :       0       0      0   0.000   0.000      0.0000       0.000
20 Disulfide dihedral angle restraints:       0       0      0   0.000   0.000      0.0000       0.000
21 Lower bound distance restraints    :       0       0      0   0.000   0.000      0.0000       0.000
22 Upper bound distance restraints    :       0       0      0   0.000   0.000      0.0000       0.000
23 Distance restraints 3 (SDCH-MNCH)  :       0       0      0   0.000   0.000      0.0000       0.000
24 Sidechain Chi_5 dihedral restraints:       0       0      0   0.000   0.000      0.0000       0.000
25 Phi/Psi pair of dihedral restraints:       0       0      0   0.000   0.000      0.0000       0.000
26 Distance restraints 4 (SDCH-SDCH)  :       0       0      0   0.000   0.000      0.0000       0.000
27 Distance restraints 5 (X-Y)        :       0       0      0   0.000   0.000      0.0000       0.000
28 NMR distance restraints 6 (X-Y)    :       0       0      0   0.000   0.000      0.0000       0.000
29 NMR distance restraints 7 (X-Y)    :       0       0      0   0.000   0.000      0.0000       0.000
30 Minimal distance restraints        :       0       0      0   0.000   0.000      0.0000       0.000
31 Non-bonded restraints              :  184928       0    173   6.937   6.937     -14526.       1.000
32 Atomic accessibility restraints    :       0       0      0   0.000   0.000      0.0000       0.000
33 Atomic density restraints          :       0       0      0   0.000   0.000      0.0000       0.000
34 Absolute position restraints       :       0       0      0   0.000   0.000      0.0000       0.000
35 Dihedral angle difference restraint:       0       0      0   0.000   0.000      0.0000       0.000
36 GBSA implicit solvent potential    :       0       0      0   0.000   0.000      0.0000       0.000
37 EM density fitting potential       :       0       0      0   0.000   0.000      0.0000       0.000
38 SAXS restraints                    :       0       0      0   0.000   0.000      0.0000       0.000
39 Symmetry restraints                :       0       0      0   0.000   0.000      0.0000       0.000
do_prof_492W> Are you sure you want to calculate a normalized energy profile!



openf___224_> Open           qseq.profile
# Energy of each residue is written to: qseq.profile
# The profile IS normalized by the number of restraints.
# The profiles are smoothed over a window of residues:   13
# The sum of all numbers in the file:      -5.7472

<< end of ENERGY.
DOPE score               : -14525.918945

Dynamically allocated memory at          finish [B,KiB,MiB]:      7504288    7328.406     7.157
Starting time                                            : 2024/05/26 23:53:30
Closing time                                             : 2024/05/26 23:53:35
Total CPU time [seconds]                                 :       4.66
